{"/home/travis/build/npmtest/node-npmtest-ladda/test.js":{"path":"/home/travis/build/npmtest/node-npmtest-ladda/test.js","s":{"1":2,"2":2,"3":2,"4":2,"5":2,"6":2,"7":2,"8":1,"9":2,"10":2,"11":1,"12":1,"13":1,"14":1,"15":2,"16":2,"17":2,"18":2,"19":1,"20":1,"21":2,"22":2,"23":2,"24":1,"25":1,"26":1,"27":1,"28":1,"29":1,"30":1,"31":1,"32":1,"33":1,"34":1,"35":1,"36":1,"37":1,"38":1,"39":2,"40":2,"41":1,"42":2,"43":2,"44":1,"45":2,"46":2,"47":1,"48":2,"49":2,"50":1,"51":1,"52":1,"53":1,"54":1},"b":{"1":[2,1,1,1],"2":[1,1,1,1],"3":[1,1],"4":[1,1],"5":[1,1],"6":[1,1],"7":[1,1],"8":[1,1],"9":[1,1],"10":[1,1,1],"11":[1,1],"12":[1,1],"13":[1,1],"14":[1,1],"15":[1,1],"16":[1,1],"17":[1,1]},"f":{"1":2,"2":2,"3":2,"4":2,"5":2,"6":1,"7":1,"8":1,"9":2,"10":2,"11":2,"12":2,"13":1},"fnMap":{"1":{"name":"(anonymous_1)","line":12,"loc":{"start":{"line":12,"column":1},"end":{"line":12,"column":13}}},"2":{"name":"(anonymous_2)","line":19,"loc":{"start":{"line":19,"column":5},"end":{"line":19,"column":17}}},"3":{"name":"(anonymous_3)","line":23,"loc":{"start":{"line":23,"column":24},"end":{"line":23,"column":36}}},"4":{"name":"(anonymous_4)","line":61,"loc":{"start":{"line":61,"column":5},"end":{"line":61,"column":17}}},"5":{"name":"(anonymous_5)","line":82,"loc":{"start":{"line":82,"column":5},"end":{"line":82,"column":17}}},"6":{"name":"(anonymous_6)","line":91,"loc":{"start":{"line":91,"column":77},"end":{"line":94,"column":10}}},"7":{"name":"(anonymous_7)","line":112,"loc":{"start":{"line":112,"column":83},"end":{"line":115,"column":10}},"skip":true},"8":{"name":"(anonymous_8)","line":123,"loc":{"start":{"line":123,"column":77},"end":{"line":126,"column":10}},"skip":true},"9":{"name":"(anonymous_9)","line":139,"loc":{"start":{"line":139,"column":12},"end":{"line":139,"column":40}},"skip":true},"10":{"name":"(anonymous_10)","line":147,"loc":{"start":{"line":147,"column":77},"end":{"line":150,"column":10}},"skip":true},"11":{"name":"(anonymous_11)","line":158,"loc":{"start":{"line":158,"column":83},"end":{"line":161,"column":10}},"skip":true},"12":{"name":"(anonymous_12)","line":169,"loc":{"start":{"line":169,"column":79},"end":{"line":172,"column":10}},"skip":true},"13":{"name":"(anonymous_13)","line":180,"loc":{"start":{"line":180,"column":75},"end":{"line":183,"column":10}},"skip":true}},"statementMap":{"1":{"start":{"line":12,"column":0},"end":{"line":195,"column":5}},"2":{"start":{"line":14,"column":4},"end":{"line":14,"column":14}},"3":{"start":{"line":19,"column":4},"end":{"line":56,"column":9}},"4":{"start":{"line":21,"column":8},"end":{"line":21,"column":19}},"5":{"start":{"line":23,"column":8},"end":{"line":35,"column":13}},"6":{"start":{"line":24,"column":12},"end":{"line":34,"column":13}},"7":{"start":{"line":25,"column":16},"end":{"line":28,"column":30}},"8":{"start":{"line":30,"column":16},"end":{"line":33,"column":27}},"9":{"start":{"line":37,"column":8},"end":{"line":39,"column":21}},"10":{"start":{"line":40,"column":8},"end":{"line":53,"column":9}},"11":{"start":{"line":43,"column":12},"end":{"line":46,"column":14}},"12":{"start":{"line":47,"column":12},"end":{"line":47,"column":18}},"13":{"start":{"line":50,"column":12},"end":{"line":51,"column":33}},"14":{"start":{"line":52,"column":12},"end":{"line":52,"column":18}},"15":{"start":{"line":55,"column":8},"end":{"line":55,"column":35}},"16":{"start":{"line":61,"column":4},"end":{"line":63,"column":9}},"17":{"start":{"line":62,"column":8},"end":{"line":62,"column":15}},"18":{"start":{"line":64,"column":4},"end":{"line":77,"column":5}},"19":{"start":{"line":70,"column":8},"end":{"line":70,"column":14}},"20":{"start":{"line":76,"column":8},"end":{"line":76,"column":14}},"21":{"start":{"line":82,"column":4},"end":{"line":84,"column":9}},"22":{"start":{"line":83,"column":8},"end":{"line":83,"column":15}},"23":{"start":{"line":85,"column":4},"end":{"line":194,"column":5}},"24":{"start":{"line":91,"column":8},"end":{"line":99,"column":10}},"25":{"start":{"line":98,"column":12},"end":{"line":98,"column":35}},"26":{"start":{"line":102,"column":8},"end":{"line":104,"column":63}},"27":{"start":{"line":105,"column":8},"end":{"line":105,"column":14}},"28":{"start":{"line":112,"column":8},"end":{"line":121,"column":10},"skip":true},"29":{"start":{"line":119,"column":12},"end":{"line":119,"column":55},"skip":true},"30":{"start":{"line":120,"column":12},"end":{"line":120,"column":48},"skip":true},"31":{"start":{"line":123,"column":8},"end":{"line":136,"column":10},"skip":true},"32":{"start":{"line":130,"column":12},"end":{"line":130,"column":76},"skip":true},"33":{"start":{"line":131,"column":12},"end":{"line":131,"column":73},"skip":true},"34":{"start":{"line":132,"column":12},"end":{"line":132,"column":74},"skip":true},"35":{"start":{"line":133,"column":12},"end":{"line":133,"column":79},"skip":true},"36":{"start":{"line":134,"column":12},"end":{"line":134,"column":25},"skip":true},"37":{"start":{"line":135,"column":12},"end":{"line":135,"column":45},"skip":true},"38":{"start":{"line":138,"column":8},"end":{"line":145,"column":14},"skip":true},"39":{"start":{"line":143,"column":16},"end":{"line":143,"column":29},"skip":true},"40":{"start":{"line":144,"column":16},"end":{"line":144,"column":55},"skip":true},"41":{"start":{"line":147,"column":8},"end":{"line":156,"column":10},"skip":true},"42":{"start":{"line":154,"column":12},"end":{"line":154,"column":25},"skip":true},"43":{"start":{"line":155,"column":12},"end":{"line":155,"column":45},"skip":true},"44":{"start":{"line":158,"column":8},"end":{"line":167,"column":10},"skip":true},"45":{"start":{"line":165,"column":12},"end":{"line":165,"column":25},"skip":true},"46":{"start":{"line":166,"column":12},"end":{"line":166,"column":48},"skip":true},"47":{"start":{"line":169,"column":8},"end":{"line":178,"column":10},"skip":true},"48":{"start":{"line":176,"column":12},"end":{"line":176,"column":25},"skip":true},"49":{"start":{"line":177,"column":12},"end":{"line":177,"column":46},"skip":true},"50":{"start":{"line":180,"column":8},"end":{"line":189,"column":10},"skip":true},"51":{"start":{"line":187,"column":12},"end":{"line":187,"column":94},"skip":true},"52":{"start":{"line":188,"column":12},"end":{"line":188,"column":48},"skip":true},"53":{"start":{"line":192,"column":8},"end":{"line":192,"column":35},"skip":true},"54":{"start":{"line":193,"column":8},"end":{"line":193,"column":14},"skip":true}},"branchMap":{"1":{"line":25,"type":"binary-expr","locations":[{"start":{"line":25,"column":23},"end":{"line":25,"column":62}},{"start":{"line":26,"column":20},"end":{"line":26,"column":70}},{"start":{"line":27,"column":20},"end":{"line":27,"column":71}},{"start":{"line":28,"column":20},"end":{"line":28,"column":29}}]},"2":{"line":30,"type":"binary-expr","locations":[{"start":{"line":30,"column":23},"end":{"line":30,"column":37}},{"start":{"line":31,"column":20},"end":{"line":31,"column":61}},{"start":{"line":32,"column":20},"end":{"line":32,"column":70}},{"start":{"line":33,"column":20},"end":{"line":33,"column":26}}]},"3":{"line":37,"type":"cond-expr","locations":[{"start":{"line":38,"column":14},"end":{"line":38,"column":20}},{"start":{"line":39,"column":14},"end":{"line":39,"column":20}}]},"4":{"line":40,"type":"switch","locations":[{"start":{"line":42,"column":8},"end":{"line":47,"column":18}},{"start":{"line":49,"column":8},"end":{"line":52,"column":18}}]},"5":{"line":44,"type":"binary-expr","locations":[{"start":{"line":44,"column":16},"end":{"line":44,"column":44}},{"start":{"line":44,"column":48},"end":{"line":44,"column":66}}]},"6":{"line":50,"type":"binary-expr","locations":[{"start":{"line":50,"column":21},"end":{"line":50,"column":49}},{"start":{"line":50,"column":53},"end":{"line":50,"column":72}}]},"7":{"line":64,"type":"switch","locations":[{"start":{"line":69,"column":4},"end":{"line":70,"column":14}},{"start":{"line":75,"column":4},"end":{"line":76,"column":14}}]},"8":{"line":85,"type":"switch","locations":[{"start":{"line":90,"column":4},"end":{"line":105,"column":14}},{"start":{"line":111,"column":4},"end":{"line":193,"column":14},"skip":true}]},"9":{"line":91,"type":"binary-expr","locations":[{"start":{"line":91,"column":42},"end":{"line":91,"column":73}},{"start":{"line":91,"column":77},"end":{"line":99,"column":9}}]},"10":{"line":102,"type":"binary-expr","locations":[{"start":{"line":102,"column":18},"end":{"line":102,"column":32}},{"start":{"line":103,"column":12},"end":{"line":103,"column":53}},{"start":{"line":104,"column":12},"end":{"line":104,"column":61}}]},"11":{"line":112,"type":"binary-expr","locations":[{"start":{"line":112,"column":45},"end":{"line":112,"column":79},"skip":true},{"start":{"line":112,"column":83},"end":{"line":121,"column":9},"skip":true}]},"12":{"line":123,"type":"binary-expr","locations":[{"start":{"line":123,"column":42},"end":{"line":123,"column":73},"skip":true},{"start":{"line":123,"column":77},"end":{"line":136,"column":9},"skip":true}]},"13":{"line":138,"type":"binary-expr","locations":[{"start":{"line":138,"column":48},"end":{"line":138,"column":85},"skip":true},{"start":{"line":139,"column":12},"end":{"line":145,"column":13},"skip":true}]},"14":{"line":147,"type":"binary-expr","locations":[{"start":{"line":147,"column":42},"end":{"line":147,"column":73},"skip":true},{"start":{"line":147,"column":77},"end":{"line":156,"column":9},"skip":true}]},"15":{"line":158,"type":"binary-expr","locations":[{"start":{"line":158,"column":45},"end":{"line":158,"column":79},"skip":true},{"start":{"line":158,"column":83},"end":{"line":167,"column":9},"skip":true}]},"16":{"line":169,"type":"binary-expr","locations":[{"start":{"line":169,"column":43},"end":{"line":169,"column":75},"skip":true},{"start":{"line":169,"column":79},"end":{"line":178,"column":9},"skip":true}]},"17":{"line":180,"type":"binary-expr","locations":[{"start":{"line":180,"column":41},"end":{"line":180,"column":71},"skip":true},{"start":{"line":180,"column":75},"end":{"line":189,"column":9},"skip":true}]}},"code":["/* istanbul instrument in package npmtest_ladda */","/*jslint","    bitwise: true,","    browser: true,","    maxerr: 8,","    maxlen: 96,","    node: true,","    nomen: true,","    regexp: true,","    stupid: true","*/","(function () {","    'use strict';","    var local;","","","","    // run shared js-env code - init-before","    (function () {","        // init local","        local = {};","        // init modeJs","        local.modeJs = (function () {","            try {","                return typeof navigator.userAgent === 'string' &&","                    typeof document.querySelector('body') === 'object' &&","                    typeof XMLHttpRequest.prototype.open === 'function' &&","                    'browser';","            } catch (errorCaughtBrowser) {","                return module.exports &&","                    typeof process.versions.node === 'string' &&","                    typeof require('http').createServer === 'function' &&","                    'node';","            }","        }());","        // init global","        local.global = local.modeJs === 'browser'","            ? window","            : global;","        switch (local.modeJs) {","        // re-init local from window.local","        case 'browser':","            local = local.global.utility2.objectSetDefault(","                local.global.utility2_rollup || local.global.local,","                local.global.utility2","            );","            break;","        // re-init local from example.js","        case 'node':","            local = (local.global.utility2_rollup || require('utility2'))","                .requireReadme();","            break;","        }","        // export local","        local.global.local = local;","    }());","","","","    // run shared js-env code - function","    (function () {","        return;","    }());","    switch (local.modeJs) {","","","","    // run browser js-env code - function","    case 'browser':","        break;","","","","    // run node js-env code - function","    case 'node':","        break;","    }","","","","    // run shared js-env code - init-after","    (function () {","        return;","    }());","    switch (local.modeJs) {","","","","    // run browser js-env code - init-after","    case 'browser':","        local.testCase_browser_nullCase = local.testCase_browser_nullCase || function (","            options,","            onError","        ) {","        /*","         * this function will test browsers's null-case handling-behavior-behavior","         */","            onError(null, options);","        };","","        // run tests","        local.nop(local.modeTest &&","            document.querySelector('#testRunButton1') &&","            document.querySelector('#testRunButton1').click());","        break;","","","","    // run node js-env code - init-after","    /* istanbul ignore next */","    case 'node':","        local.testCase_buildApidoc_default = local.testCase_buildApidoc_default || function (","            options,","            onError","        ) {","        /*","         * this function will test buildApidoc's default handling-behavior-behavior","         */","            options = { modulePathList: module.paths };","            local.buildApidoc(options, onError);","        };","","        local.testCase_buildApp_default = local.testCase_buildApp_default || function (","            options,","            onError","        ) {","        /*","         * this function will test buildApp's default handling-behavior-behavior","         */","            local.testCase_buildReadme_default(options, local.onErrorThrow);","            local.testCase_buildLib_default(options, local.onErrorThrow);","            local.testCase_buildTest_default(options, local.onErrorThrow);","            local.testCase_buildCustomOrg_default(options, local.onErrorThrow);","            options = [];","            local.buildApp(options, onError);","        };","","        local.testCase_buildCustomOrg_default = local.testCase_buildCustomOrg_default ||","            function (options, onError) {","            /*","             * this function will test buildCustomOrg's default handling-behavior","             */","                options = {};","                local.buildCustomOrg(options, onError);","            };","","        local.testCase_buildLib_default = local.testCase_buildLib_default || function (","            options,","            onError","        ) {","        /*","         * this function will test buildLib's default handling-behavior","         */","            options = {};","            local.buildLib(options, onError);","        };","","        local.testCase_buildReadme_default = local.testCase_buildReadme_default || function (","            options,","            onError","        ) {","        /*","         * this function will test buildReadme's default handling-behavior-behavior","         */","            options = {};","            local.buildReadme(options, onError);","        };","","        local.testCase_buildTest_default = local.testCase_buildTest_default || function (","            options,","            onError","        ) {","        /*","         * this function will test buildTest's default handling-behavior","         */","            options = {};","            local.buildTest(options, onError);","        };","","        local.testCase_webpage_default = local.testCase_webpage_default || function (","            options,","            onError","        ) {","        /*","         * this function will test webpage's default handling-behavior","         */","            options = { modeCoverageMerge: true, url: local.serverLocalHost + '?modeTest=1' };","            local.browserTest(options, onError);","        };","","        // run test-server","        local.testRunServer(local);","        break;","    }","}());",""],"l":{"12":2,"14":2,"19":2,"21":2,"23":2,"24":2,"25":2,"30":1,"37":2,"40":2,"43":1,"47":1,"50":1,"52":1,"55":2,"61":2,"62":2,"64":2,"70":1,"76":1,"82":2,"83":2,"85":2,"91":1,"98":1,"102":1,"105":1,"112":1,"119":1,"120":1,"123":1,"130":1,"131":1,"132":1,"133":1,"134":1,"135":1,"138":1,"143":2,"144":2,"147":1,"154":2,"155":2,"158":1,"165":2,"166":2,"169":1,"176":2,"177":2,"180":1,"187":1,"188":1,"192":1,"193":1}},"/home/travis/build/npmtest/node-npmtest-ladda/lib.npmtest_ladda.js":{"path":"/home/travis/build/npmtest/node-npmtest-ladda/lib.npmtest_ladda.js","s":{"1":2,"2":2,"3":2,"4":2,"5":2,"6":2,"7":2,"8":1,"9":2,"10":2,"11":2,"12":2,"13":1,"14":1,"15":1,"16":1},"b":{"1":[2,1,1,1],"2":[1,1,1,1],"3":[1,1],"4":[2,2],"5":[1,1]},"f":{"1":2,"2":2,"3":2},"fnMap":{"1":{"name":"(anonymous_1)","line":12,"loc":{"start":{"line":12,"column":1},"end":{"line":12,"column":13}}},"2":{"name":"(anonymous_2)","line":19,"loc":{"start":{"line":19,"column":5},"end":{"line":19,"column":17}}},"3":{"name":"(anonymous_3)","line":23,"loc":{"start":{"line":23,"column":24},"end":{"line":23,"column":36}}}},"statementMap":{"1":{"start":{"line":12,"column":0},"end":{"line":53,"column":5}},"2":{"start":{"line":14,"column":4},"end":{"line":14,"column":14}},"3":{"start":{"line":19,"column":4},"end":{"line":52,"column":9}},"4":{"start":{"line":21,"column":8},"end":{"line":21,"column":19}},"5":{"start":{"line":23,"column":8},"end":{"line":35,"column":13}},"6":{"start":{"line":24,"column":12},"end":{"line":34,"column":13}},"7":{"start":{"line":25,"column":16},"end":{"line":28,"column":30}},"8":{"start":{"line":30,"column":16},"end":{"line":33,"column":27}},"9":{"start":{"line":37,"column":8},"end":{"line":39,"column":21}},"10":{"start":{"line":41,"column":8},"end":{"line":41,"column":54}},"11":{"start":{"line":43,"column":8},"end":{"line":43,"column":50}},"12":{"start":{"line":45,"column":8},"end":{"line":51,"column":9}},"13":{"start":{"line":46,"column":12},"end":{"line":46,"column":56}},"14":{"start":{"line":48,"column":12},"end":{"line":48,"column":35}},"15":{"start":{"line":49,"column":12},"end":{"line":49,"column":49}},"16":{"start":{"line":50,"column":12},"end":{"line":50,"column":43}}},"branchMap":{"1":{"line":25,"type":"binary-expr","locations":[{"start":{"line":25,"column":23},"end":{"line":25,"column":62}},{"start":{"line":26,"column":20},"end":{"line":26,"column":70}},{"start":{"line":27,"column":20},"end":{"line":27,"column":71}},{"start":{"line":28,"column":20},"end":{"line":28,"column":29}}]},"2":{"line":30,"type":"binary-expr","locations":[{"start":{"line":30,"column":23},"end":{"line":30,"column":37}},{"start":{"line":31,"column":20},"end":{"line":31,"column":61}},{"start":{"line":32,"column":20},"end":{"line":32,"column":70}},{"start":{"line":33,"column":20},"end":{"line":33,"column":26}}]},"3":{"line":37,"type":"cond-expr","locations":[{"start":{"line":38,"column":14},"end":{"line":38,"column":20}},{"start":{"line":39,"column":14},"end":{"line":39,"column":20}}]},"4":{"line":41,"type":"binary-expr","locations":[{"start":{"line":41,"column":16},"end":{"line":41,"column":44}},{"start":{"line":41,"column":48},"end":{"line":41,"column":53}}]},"5":{"line":45,"type":"if","locations":[{"start":{"line":45,"column":8},"end":{"line":45,"column":8}},{"start":{"line":45,"column":8},"end":{"line":45,"column":8}}]}},"code":["/* istanbul instrument in package npmtest_ladda */","/*jslint","    bitwise: true,","    browser: true,","    maxerr: 8,","    maxlen: 96,","    node: true,","    nomen: true,","    regexp: true,","    stupid: true","*/","(function () {","    'use strict';","    var local;","","","","    // run shared js-env code - init-before","    (function () {","        // init local","        local = {};","        // init modeJs","        local.modeJs = (function () {","            try {","                return typeof navigator.userAgent === 'string' &&","                    typeof document.querySelector('body') === 'object' &&","                    typeof XMLHttpRequest.prototype.open === 'function' &&","                    'browser';","            } catch (errorCaughtBrowser) {","                return module.exports &&","                    typeof process.versions.node === 'string' &&","                    typeof require('http').createServer === 'function' &&","                    'node';","            }","        }());","        // init global","        local.global = local.modeJs === 'browser'","            ? window","            : global;","        // init utility2_rollup","        local = local.global.utility2_rollup || local;","        // init lib","        local.local = local.npmtest_ladda = local;","        // init exports","        if (local.modeJs === 'browser') {","            local.global.utility2_npmtest_ladda = local;","        } else {","            module.exports = local;","            module.exports.__dirname = __dirname;","            module.exports.module = module;","        }","    }());","}());",""],"l":{"12":2,"14":2,"19":2,"21":2,"23":2,"24":2,"25":2,"30":1,"37":2,"41":2,"43":2,"45":2,"46":1,"48":1,"49":1,"50":1}},"/home/travis/build/npmtest/node-npmtest-ladda/example.js":{"path":"/home/travis/build/npmtest/node-npmtest-ladda/example.js","s":{"1":2,"2":2,"3":2,"4":2,"5":2,"6":2,"7":2,"8":1,"9":2,"10":2,"11":2,"12":2,"13":1,"14":2,"15":2,"16":2,"17":2,"18":2,"19":0,"20":2,"21":1,"22":1,"23":1,"24":1,"25":1,"26":0,"27":0,"28":1,"29":1,"30":2,"31":0,"32":0,"33":0,"34":1,"35":2,"36":2,"37":3,"38":3,"39":3,"40":3,"41":0,"42":3,"43":3,"44":3,"45":1,"46":3,"47":1,"48":1,"49":1,"50":1,"51":1,"52":1,"53":1,"54":1,"55":1,"56":1,"57":0,"58":1,"59":6,"60":6,"61":1,"62":2,"63":0,"64":2,"65":1,"66":1,"67":0,"68":0,"69":0,"70":0,"71":0,"72":0,"73":0,"74":0,"75":0,"76":0,"77":0,"78":0,"79":0,"80":0,"81":0,"82":0,"83":0},"b":{"1":[2,1,1,1],"2":[1,1,1,1],"3":[1,1],"4":[2,2],"5":[1,1],"6":[1,1],"7":[2,0],"8":[2,1,1,1,1,1],"9":[0,2,0],"10":[1,1],"11":[2,1,1],"12":[1,0],"13":[0,2],"14":[2,0,0,0,0,0,0],"15":[0,3],"16":[3,0],"17":[1,1],"18":[0,1],"19":[1,2,0,2],"20":[1,0],"21":[1,1],"22":[0,0],"23":[0,0],"24":[0,0],"25":[0,0],"26":[0,0],"27":[0,0],"28":[0,0]},"f":{"1":2,"2":2,"3":2,"4":2,"5":2,"6":2,"7":3,"8":3,"9":3,"10":1,"11":6,"12":0},"fnMap":{"1":{"name":"(anonymous_1)","line":26,"loc":{"start":{"line":26,"column":1},"end":{"line":26,"column":13}}},"2":{"name":"(anonymous_2)","line":33,"loc":{"start":{"line":33,"column":5},"end":{"line":33,"column":17}}},"3":{"name":"(anonymous_3)","line":37,"loc":{"start":{"line":37,"column":24},"end":{"line":37,"column":36}}},"4":{"name":"(anonymous_4)","line":69,"loc":{"start":{"line":69,"column":31},"end":{"line":69,"column":48}},"skip":true},"5":{"name":"(anonymous_5)","line":78,"loc":{"start":{"line":78,"column":26},"end":{"line":78,"column":45}},"skip":true},"6":{"name":"(anonymous_6)","line":123,"loc":{"start":{"line":123,"column":33},"end":{"line":123,"column":48}},"skip":true},"7":{"name":"(anonymous_7)","line":125,"loc":{"start":{"line":125,"column":27},"end":{"line":125,"column":39}},"skip":true},"8":{"name":"(anonymous_8)","line":133,"loc":{"start":{"line":133,"column":59},"end":{"line":133,"column":74}},"skip":true},"9":{"name":"(anonymous_9)","line":143,"loc":{"start":{"line":143,"column":45},"end":{"line":143,"column":62}},"skip":true},"10":{"name":"(anonymous_10)","line":144,"loc":{"start":{"line":144,"column":73},"end":{"line":144,"column":92}},"skip":true},"11":{"name":"(anonymous_11)","line":272,"loc":{"start":{"line":272,"column":51},"end":{"line":272,"column":77}},"skip":true},"12":{"name":"(anonymous_12)","line":315,"loc":{"start":{"line":315,"column":32},"end":{"line":315,"column":61}},"skip":true}},"statementMap":{"1":{"start":{"line":26,"column":0},"end":{"line":326,"column":5}},"2":{"start":{"line":28,"column":4},"end":{"line":28,"column":14}},"3":{"start":{"line":33,"column":4},"end":{"line":60,"column":9}},"4":{"start":{"line":35,"column":8},"end":{"line":35,"column":19}},"5":{"start":{"line":37,"column":8},"end":{"line":49,"column":13}},"6":{"start":{"line":38,"column":12},"end":{"line":48,"column":13}},"7":{"start":{"line":39,"column":16},"end":{"line":42,"column":30}},"8":{"start":{"line":44,"column":16},"end":{"line":47,"column":27}},"9":{"start":{"line":51,"column":8},"end":{"line":53,"column":21}},"10":{"start":{"line":55,"column":8},"end":{"line":57,"column":45}},"11":{"start":{"line":59,"column":8},"end":{"line":59,"column":35}},"12":{"start":{"line":61,"column":4},"end":{"line":325,"column":5}},"13":{"start":{"line":69,"column":8},"end":{"line":121,"column":10},"skip":true},"14":{"start":{"line":70,"column":12},"end":{"line":88,"column":13},"skip":true},"15":{"start":{"line":76,"column":16},"end":{"line":87,"column":19},"skip":true},"16":{"start":{"line":79,"column":20},"end":{"line":86,"column":21},"skip":true},"17":{"start":{"line":82,"column":24},"end":{"line":82,"column":43},"skip":true},"18":{"start":{"line":83,"column":24},"end":{"line":83,"column":30},"skip":true},"19":{"start":{"line":85,"column":24},"end":{"line":85,"column":49},"skip":true},"20":{"start":{"line":89,"column":12},"end":{"line":107,"column":13},"skip":true},"21":{"start":{"line":92,"column":16},"end":{"line":102,"column":17},"skip":true},"22":{"start":{"line":93,"column":20},"end":{"line":93,"column":86},"skip":true},"23":{"start":{"line":94,"column":20},"end":{"line":95,"column":45},"skip":true},"24":{"start":{"line":96,"column":20},"end":{"line":96,"column":42},"skip":true},"25":{"start":{"line":97,"column":20},"end":{"line":97,"column":48},"skip":true},"26":{"start":{"line":100,"column":20},"end":{"line":100,"column":85},"skip":true},"27":{"start":{"line":101,"column":20},"end":{"line":101,"column":96},"skip":true},"28":{"start":{"line":103,"column":16},"end":{"line":103,"column":22},"skip":true},"29":{"start":{"line":106,"column":16},"end":{"line":106,"column":22},"skip":true},"30":{"start":{"line":108,"column":12},"end":{"line":120,"column":13},"skip":true},"31":{"start":{"line":114,"column":16},"end":{"line":119,"column":17},"skip":true},"32":{"start":{"line":116,"column":20},"end":{"line":116,"column":78},"skip":true},"33":{"start":{"line":118,"column":20},"end":{"line":118,"column":47},"skip":true},"34":{"start":{"line":123,"column":8},"end":{"line":141,"column":11},"skip":true},"35":{"start":{"line":124,"column":12},"end":{"line":124,"column":54},"skip":true},"36":{"start":{"line":125,"column":12},"end":{"line":140,"column":14},"skip":true},"37":{"start":{"line":126,"column":16},"end":{"line":126,"column":28},"skip":true},"38":{"start":{"line":127,"column":16},"end":{"line":127,"column":69},"skip":true},"39":{"start":{"line":128,"column":16},"end":{"line":128,"column":75},"skip":true},"40":{"start":{"line":129,"column":16},"end":{"line":131,"column":17},"skip":true},"41":{"start":{"line":130,"column":20},"end":{"line":130,"column":27},"skip":true},"42":{"start":{"line":133,"column":16},"end":{"line":137,"column":36},"skip":true},"43":{"start":{"line":134,"column":20},"end":{"line":136,"column":55},"skip":true},"44":{"start":{"line":139,"column":16},"end":{"line":139,"column":57},"skip":true},"45":{"start":{"line":143,"column":8},"end":{"line":147,"column":11},"skip":true},"46":{"start":{"line":144,"column":12},"end":{"line":146,"column":15},"skip":true},"47":{"start":{"line":145,"column":16},"end":{"line":145,"column":70},"skip":true},"48":{"start":{"line":149,"column":8},"end":{"line":149,"column":31},"skip":true},"49":{"start":{"line":150,"column":8},"end":{"line":150,"column":14},"skip":true},"50":{"start":{"line":158,"column":8},"end":{"line":158,"column":31},"skip":true},"51":{"start":{"line":160,"column":8},"end":{"line":160,"column":33},"skip":true},"52":{"start":{"line":161,"column":8},"end":{"line":161,"column":37},"skip":true},"53":{"start":{"line":162,"column":8},"end":{"line":162,"column":35},"skip":true},"54":{"start":{"line":164,"column":8},"end":{"line":164,"column":50},"skip":true},"55":{"start":{"line":166,"column":8},"end":{"line":256,"column":2},"skip":true},"56":{"start":{"line":258,"column":8},"end":{"line":286,"column":9},"skip":true},"57":{"start":{"line":259,"column":12},"end":{"line":269,"column":14},"skip":true},"58":{"start":{"line":271,"column":12},"end":{"line":285,"column":19},"skip":true},"59":{"start":{"line":274,"column":20},"end":{"line":274,"column":35},"skip":true},"60":{"start":{"line":275,"column":20},"end":{"line":284,"column":21},"skip":true},"61":{"start":{"line":277,"column":24},"end":{"line":277,"column":64},"skip":true},"62":{"start":{"line":279,"column":24},"end":{"line":279,"column":40},"skip":true},"63":{"start":{"line":281,"column":24},"end":{"line":281,"column":40},"skip":true},"64":{"start":{"line":283,"column":24},"end":{"line":283,"column":39},"skip":true},"65":{"start":{"line":288,"column":8},"end":{"line":290,"column":9},"skip":true},"66":{"start":{"line":289,"column":12},"end":{"line":289,"column":18},"skip":true},"67":{"start":{"line":291,"column":8},"end":{"line":293,"column":54},"skip":true},"68":{"start":{"line":296,"column":8},"end":{"line":301,"column":37},"skip":true},"69":{"start":{"line":303,"column":8},"end":{"line":303,"column":82},"skip":true},"70":{"start":{"line":306,"column":8},"end":{"line":308,"column":9},"skip":true},"71":{"start":{"line":307,"column":12},"end":{"line":307,"column":82},"skip":true},"72":{"start":{"line":310,"column":8},"end":{"line":312,"column":9},"skip":true},"73":{"start":{"line":311,"column":12},"end":{"line":311,"column":18},"skip":true},"74":{"start":{"line":313,"column":8},"end":{"line":313,"column":54},"skip":true},"75":{"start":{"line":314,"column":8},"end":{"line":314,"column":69},"skip":true},"76":{"start":{"line":315,"column":8},"end":{"line":323,"column":36},"skip":true},"77":{"start":{"line":316,"column":12},"end":{"line":316,"column":61},"skip":true},"78":{"start":{"line":317,"column":12},"end":{"line":320,"column":13},"skip":true},"79":{"start":{"line":318,"column":16},"end":{"line":318,"column":75},"skip":true},"80":{"start":{"line":319,"column":16},"end":{"line":319,"column":23},"skip":true},"81":{"start":{"line":321,"column":12},"end":{"line":321,"column":38},"skip":true},"82":{"start":{"line":322,"column":12},"end":{"line":322,"column":27},"skip":true},"83":{"start":{"line":324,"column":8},"end":{"line":324,"column":14},"skip":true}},"branchMap":{"1":{"line":39,"type":"binary-expr","locations":[{"start":{"line":39,"column":23},"end":{"line":39,"column":62}},{"start":{"line":40,"column":20},"end":{"line":40,"column":70}},{"start":{"line":41,"column":20},"end":{"line":41,"column":71}},{"start":{"line":42,"column":20},"end":{"line":42,"column":29}}]},"2":{"line":44,"type":"binary-expr","locations":[{"start":{"line":44,"column":23},"end":{"line":44,"column":37}},{"start":{"line":45,"column":20},"end":{"line":45,"column":61}},{"start":{"line":46,"column":20},"end":{"line":46,"column":70}},{"start":{"line":47,"column":20},"end":{"line":47,"column":26}}]},"3":{"line":51,"type":"cond-expr","locations":[{"start":{"line":52,"column":14},"end":{"line":52,"column":20}},{"start":{"line":53,"column":14},"end":{"line":53,"column":20}}]},"4":{"line":55,"type":"binary-expr","locations":[{"start":{"line":55,"column":16},"end":{"line":55,"column":44}},{"start":{"line":55,"column":49},"end":{"line":57,"column":43}}]},"5":{"line":55,"type":"cond-expr","locations":[{"start":{"line":56,"column":14},"end":{"line":56,"column":49}},{"start":{"line":57,"column":14},"end":{"line":57,"column":43}}]},"6":{"line":61,"type":"switch","locations":[{"start":{"line":68,"column":4},"end":{"line":150,"column":14},"skip":true},{"start":{"line":156,"column":4},"end":{"line":324,"column":14},"skip":true}]},"7":{"line":70,"type":"if","locations":[{"start":{"line":70,"column":12},"end":{"line":70,"column":12},"skip":true},{"start":{"line":70,"column":12},"end":{"line":70,"column":12},"skip":true}]},"8":{"line":70,"type":"binary-expr","locations":[{"start":{"line":70,"column":16},"end":{"line":70,"column":22},"skip":true},{"start":{"line":70,"column":27},"end":{"line":70,"column":32},"skip":true},{"start":{"line":71,"column":20},"end":{"line":71,"column":39},"skip":true},{"start":{"line":72,"column":20},"end":{"line":72,"column":49},"skip":true},{"start":{"line":73,"column":20},"end":{"line":73,"column":58},"skip":true},{"start":{"line":74,"column":20},"end":{"line":74,"column":69},"skip":true}]},"9":{"line":79,"type":"switch","locations":[{"start":{"line":80,"column":20},"end":{"line":80,"column":33},"skip":true},{"start":{"line":81,"column":20},"end":{"line":83,"column":30},"skip":true},{"start":{"line":84,"column":20},"end":{"line":85,"column":49},"skip":true}]},"10":{"line":89,"type":"switch","locations":[{"start":{"line":90,"column":12},"end":{"line":103,"column":22},"skip":true},{"start":{"line":105,"column":12},"end":{"line":106,"column":22},"skip":true}]},"11":{"line":89,"type":"binary-expr","locations":[{"start":{"line":89,"column":20},"end":{"line":89,"column":25},"skip":true},{"start":{"line":89,"column":29},"end":{"line":89,"column":48},"skip":true},{"start":{"line":89,"column":52},"end":{"line":89,"column":74},"skip":true}]},"12":{"line":92,"type":"if","locations":[{"start":{"line":92,"column":16},"end":{"line":92,"column":16},"skip":true},{"start":{"line":92,"column":16},"end":{"line":92,"column":16},"skip":true}]},"13":{"line":108,"type":"if","locations":[{"start":{"line":108,"column":12},"end":{"line":108,"column":12},"skip":true},{"start":{"line":108,"column":12},"end":{"line":108,"column":12},"skip":true}]},"14":{"line":108,"type":"binary-expr","locations":[{"start":{"line":108,"column":16},"end":{"line":108,"column":61},"skip":true},{"start":{"line":108,"column":66},"end":{"line":108,"column":72},"skip":true},{"start":{"line":108,"column":77},"end":{"line":108,"column":82},"skip":true},{"start":{"line":109,"column":20},"end":{"line":109,"column":39},"skip":true},{"start":{"line":110,"column":20},"end":{"line":110,"column":49},"skip":true},{"start":{"line":111,"column":20},"end":{"line":111,"column":58},"skip":true},{"start":{"line":112,"column":20},"end":{"line":112,"column":68},"skip":true}]},"15":{"line":129,"type":"if","locations":[{"start":{"line":129,"column":16},"end":{"line":129,"column":16},"skip":true},{"start":{"line":129,"column":16},"end":{"line":129,"column":16},"skip":true}]},"16":{"line":134,"type":"cond-expr","locations":[{"start":{"line":135,"column":26},"end":{"line":135,"column":29},"skip":true},{"start":{"line":136,"column":26},"end":{"line":136,"column":54},"skip":true}]},"17":{"line":164,"type":"binary-expr","locations":[{"start":{"line":164,"column":27},"end":{"line":164,"column":43},"skip":true},{"start":{"line":164,"column":47},"end":{"line":164,"column":49},"skip":true}]},"18":{"line":258,"type":"if","locations":[{"start":{"line":258,"column":8},"end":{"line":258,"column":8},"skip":true},{"start":{"line":258,"column":8},"end":{"line":258,"column":8},"skip":true}]},"19":{"line":275,"type":"switch","locations":[{"start":{"line":276,"column":20},"end":{"line":277,"column":64},"skip":true},{"start":{"line":278,"column":20},"end":{"line":279,"column":40},"skip":true},{"start":{"line":280,"column":20},"end":{"line":281,"column":40},"skip":true},{"start":{"line":282,"column":20},"end":{"line":283,"column":39},"skip":true}]},"20":{"line":288,"type":"if","locations":[{"start":{"line":288,"column":8},"end":{"line":288,"column":8},"skip":true},{"start":{"line":288,"column":8},"end":{"line":288,"column":8},"skip":true}]},"21":{"line":288,"type":"binary-expr","locations":[{"start":{"line":288,"column":12},"end":{"line":288,"column":40},"skip":true},{"start":{"line":288,"column":44},"end":{"line":288,"column":67},"skip":true}]},"22":{"line":292,"type":"binary-expr","locations":[{"start":{"line":292,"column":12},"end":{"line":292,"column":50},"skip":true},{"start":{"line":293,"column":12},"end":{"line":293,"column":53},"skip":true}]},"23":{"line":297,"type":"binary-expr","locations":[{"start":{"line":297,"column":12},"end":{"line":297,"column":63},"skip":true},{"start":{"line":298,"column":12},"end":{"line":301,"column":36},"skip":true}]},"24":{"line":303,"type":"binary-expr","locations":[{"start":{"line":303,"column":43},"end":{"line":303,"column":75},"skip":true},{"start":{"line":303,"column":79},"end":{"line":303,"column":81},"skip":true}]},"25":{"line":306,"type":"if","locations":[{"start":{"line":306,"column":8},"end":{"line":306,"column":8},"skip":true},{"start":{"line":306,"column":8},"end":{"line":306,"column":8},"skip":true}]},"26":{"line":310,"type":"if","locations":[{"start":{"line":310,"column":8},"end":{"line":310,"column":8},"skip":true},{"start":{"line":310,"column":8},"end":{"line":310,"column":8},"skip":true}]},"27":{"line":313,"type":"binary-expr","locations":[{"start":{"line":313,"column":27},"end":{"line":313,"column":43},"skip":true},{"start":{"line":313,"column":47},"end":{"line":313,"column":53},"skip":true}]},"28":{"line":317,"type":"if","locations":[{"start":{"line":317,"column":12},"end":{"line":317,"column":12},"skip":true},{"start":{"line":317,"column":12},"end":{"line":317,"column":12},"skip":true}]}},"code":["/*","example.js","","quickstart example","","instruction","    1. save this script as example.js","    2. run the shell command:","        $ npm install npmtest-ladda && PORT=8081 node example.js","    3. play with the browser-demo on http://127.0.0.1:8081","*/","","","","/* istanbul instrument in package npmtest_ladda */","/*jslint","    bitwise: true,","    browser: true,","    maxerr: 8,","    maxlen: 96,","    node: true,","    nomen: true,","    regexp: true,","    stupid: true","*/","(function () {","    'use strict';","    var local;","","","","    // run shared js-env code - init-before","    (function () {","        // init local","        local = {};","        // init modeJs","        local.modeJs = (function () {","            try {","                return typeof navigator.userAgent === 'string' &&","                    typeof document.querySelector('body') === 'object' &&","                    typeof XMLHttpRequest.prototype.open === 'function' &&","                    'browser';","            } catch (errorCaughtBrowser) {","                return module.exports &&","                    typeof process.versions.node === 'string' &&","                    typeof require('http').createServer === 'function' &&","                    'node';","            }","        }());","        // init global","        local.global = local.modeJs === 'browser'","            ? window","            : global;","        // init utility2_rollup","        local = local.global.utility2_rollup || (local.modeJs === 'browser'","            ? local.global.utility2_npmtest_ladda","            : global.utility2_moduleExports);","        // export local","        local.global.local = local;","    }());","    switch (local.modeJs) {","","","","    // init-after","    // run browser js-env code - init-after","    /* istanbul ignore next */","    case 'browser':","        local.testRunBrowser = function (event) {","            if (!event || (event &&","                    event.currentTarget &&","                    event.currentTarget.className &&","                    event.currentTarget.className.includes &&","                    event.currentTarget.className.includes('onreset'))) {","                // reset output","                Array.from(","                    document.querySelectorAll('body > .resettable')","                ).forEach(function (element) {","                    switch (element.tagName) {","                    case 'INPUT':","                    case 'TEXTAREA':","                        element.value = '';","                        break;","                    default:","                        element.textContent = '';","                    }","                });","            }","            switch (event && event.currentTarget && event.currentTarget.id) {","            case 'testRunButton1':","                // show tests","                if (document.querySelector('#testReportDiv1').style.display === 'none') {","                    document.querySelector('#testReportDiv1').style.display = 'block';","                    document.querySelector('#testRunButton1').textContent =","                        'hide internal test';","                    local.modeTest = true;","                    local.testRunDefault(local);","                // hide tests","                } else {","                    document.querySelector('#testReportDiv1').style.display = 'none';","                    document.querySelector('#testRunButton1').textContent = 'run internal test';","                }","                break;","            // custom-case","            default:","                break;","            }","            if (document.querySelector('#inputTextareaEval1') && (!event || (event &&","                    event.currentTarget &&","                    event.currentTarget.className &&","                    event.currentTarget.className.includes &&","                    event.currentTarget.className.includes('oneval')))) {","                // try to eval input-code","                try {","                    /*jslint evil: true*/","                    eval(document.querySelector('#inputTextareaEval1').value);","                } catch (errorCaught) {","                    console.error(errorCaught);","                }","            }","        };","        // log stderr and stdout to #outputTextareaStdout1","        ['error', 'log'].forEach(function (key) {","            console[key + '_original'] = console[key];","            console[key] = function () {","                var element;","                console[key + '_original'].apply(console, arguments);","                element = document.querySelector('#outputTextareaStdout1');","                if (!element) {","                    return;","                }","                // append text to #outputTextareaStdout1","                element.value += Array.from(arguments).map(function (arg) {","                    return typeof arg === 'string'","                        ? arg","                        : JSON.stringify(arg, null, 4);","                }).join(' ') + '\\n';","                // scroll textarea to bottom","                element.scrollTop = element.scrollHeight;","            };","        });","        // init event-handling","        ['change', 'click', 'keyup'].forEach(function (event) {","            Array.from(document.querySelectorAll('.on' + event)).forEach(function (element) {","                element.addEventListener(event, local.testRunBrowser);","            });","        });","        // run tests","        local.testRunBrowser();","        break;","","","","    // run node js-env code - init-after","    /* istanbul ignore next */","    case 'node':","        // export local","        module.exports = local;","        // require modules","        local.fs = require('fs');","        local.http = require('http');","        local.url = require('url');","        // init assets","        local.assetsDict = local.assetsDict || {};","        /* jslint-ignore-begin */","        local.assetsDict['/assets.index.template.html'] = '\\","<!doctype html>\\n\\","<html lang=\"en\">\\n\\","<head>\\n\\","<meta charset=\"UTF-8\">\\n\\","<meta name=\"viewport\" content=\"width=device-width, initial-scale=1\">\\n\\","<title>{{env.npm_package_name}} (v{{env.npm_package_version}})</title>\\n\\","<style>\\n\\","/*csslint\\n\\","    box-sizing: false,\\n\\","    universal-selector: false\\n\\","*/\\n\\","* {\\n\\","    box-sizing: border-box;\\n\\","}\\n\\","body {\\n\\","    background: #dde;\\n\\","    font-family: Arial, Helvetica, sans-serif;\\n\\","    margin: 2rem;\\n\\","}\\n\\","body > * {\\n\\","    margin-bottom: 1rem;\\n\\","}\\n\\",".utility2FooterDiv {\\n\\","    margin-top: 20px;\\n\\","    text-align: center;\\n\\","}\\n\\","</style>\\n\\","<style>\\n\\","/*csslint\\n\\","*/\\n\\","textarea {\\n\\","    font-family: monospace;\\n\\","    height: 10rem;\\n\\","    width: 100%;\\n\\","}\\n\\","textarea[readonly] {\\n\\","    background: #ddd;\\n\\","}\\n\\","</style>\\n\\","</head>\\n\\","<body>\\n\\","<!-- utility2-comment\\n\\","<div id=\"ajaxProgressDiv1\" style=\"background: #d00; height: 2px; left: 0; margin: 0; padding: 0; position: fixed; top: 0; transition: background 0.5s, width 1.5s; width: 25%;\"></div>\\n\\","utility2-comment -->\\n\\","<h1>\\n\\","<!-- utility2-comment\\n\\","    <a\\n\\","        {{#if env.npm_package_homepage}}\\n\\","        href=\"{{env.npm_package_homepage}}\"\\n\\","        {{/if env.npm_package_homepage}}\\n\\","        target=\"_blank\"\\n\\","    >\\n\\","utility2-comment -->\\n\\","        {{env.npm_package_name}} (v{{env.npm_package_version}})\\n\\","<!-- utility2-comment\\n\\","    </a>\\n\\","utility2-comment -->\\n\\","</h1>\\n\\","<h3>{{env.npm_package_description}}</h3>\\n\\","<!-- utility2-comment\\n\\","<h4><a download href=\"assets.app.js\">download standalone app</a></h4>\\n\\","<button class=\"onclick onreset\" id=\"testRunButton1\">run internal test</button><br>\\n\\","<div id=\"testReportDiv1\" style=\"display: none;\"></div>\\n\\","utility2-comment -->\\n\\","\\n\\","\\n\\","\\n\\","<label>stderr and stdout</label>\\n\\","<textarea class=\"resettable\" id=\"outputTextareaStdout1\" readonly></textarea>\\n\\","<!-- utility2-comment\\n\\","{{#if isRollup}}\\n\\","<script src=\"assets.app.js\"></script>\\n\\","{{#unless isRollup}}\\n\\","utility2-comment -->\\n\\","<script src=\"assets.utility2.rollup.js\"></script>\\n\\","<script src=\"jsonp.utility2._stateInit?callback=window.utility2._stateInit\"></script>\\n\\","<script src=\"assets.npmtest_ladda.rollup.js\"></script>\\n\\","<script src=\"assets.example.js\"></script>\\n\\","<script src=\"assets.test.js\"></script>\\n\\","<!-- utility2-comment\\n\\","{{/if isRollup}}\\n\\","utility2-comment -->\\n\\","<div class=\"utility2FooterDiv\">\\n\\","    [ this app was created with\\n\\","    <a href=\"https://github.com/kaizhu256/node-utility2\" target=\"_blank\">utility2</a>\\n\\","    ]\\n\\","</div>\\n\\","</body>\\n\\","</html>\\n\\","';","        /* jslint-ignore-end */","        if (local.templateRender) {","            local.assetsDict['/'] = local.templateRender(","                local.assetsDict['/assets.index.template.html'],","                {","                    env: local.objectSetDefault(local.env, {","                        npm_package_description: 'the greatest app in the world!',","                        npm_package_name: 'my-app',","                        npm_package_nameAlias: 'my_app',","                        npm_package_version: '0.0.1'","                    })","                }","            );","        } else {","            local.assetsDict['/'] = local.assetsDict['/assets.index.template.html']","                .replace((/\\{\\{env\\.(\\w+?)\\}\\}/g), function (match0, match1) {","                    // jslint-hack","                    String(match0);","                    switch (match1) {","                    case 'npm_package_description':","                        return 'the greatest app in the world!';","                    case 'npm_package_name':","                        return 'my-app';","                    case 'npm_package_nameAlias':","                        return 'my_app';","                    case 'npm_package_version':","                        return '0.0.1';","                    }","                });","        }","        // run the cli","        if (local.global.utility2_rollup || module !== require.main) {","            break;","        }","        local.assetsDict['/assets.example.js'] =","            local.assetsDict['/assets.example.js'] ||","            local.fs.readFileSync(__filename, 'utf8');","        // bug-workaround - long $npm_package_buildCustomOrg","        /* jslint-ignore-begin */","        local.assetsDict['/assets.npmtest_ladda.rollup.js'] =","            local.assetsDict['/assets.npmtest_ladda.rollup.js'] ||","            local.fs.readFileSync(","                local.npmtest_ladda.__dirname + '/lib.npmtest_ladda.js',","                'utf8'","            ).replace((/^#!/), '//');","        /* jslint-ignore-end */","        local.assetsDict['/favicon.ico'] = local.assetsDict['/favicon.ico'] || '';","        // if $npm_config_timeout_exit exists,","        // then exit this process after $npm_config_timeout_exit ms","        if (Number(process.env.npm_config_timeout_exit)) {","            setTimeout(process.exit, Number(process.env.npm_config_timeout_exit));","        }","        // start server","        if (local.global.utility2_serverHttp1) {","            break;","        }","        process.env.PORT = process.env.PORT || '8081';","        console.error('server starting on port ' + process.env.PORT);","        local.http.createServer(function (request, response) {","            request.urlParsed = local.url.parse(request.url);","            if (local.assetsDict[request.urlParsed.pathname] !== undefined) {","                response.end(local.assetsDict[request.urlParsed.pathname]);","                return;","            }","            response.statusCode = 404;","            response.end();","        }).listen(process.env.PORT);","        break;","    }","}());",""],"l":{"26":2,"28":2,"33":2,"35":2,"37":2,"38":2,"39":2,"44":1,"51":2,"55":2,"59":2,"61":2,"69":1,"70":2,"76":2,"79":2,"82":2,"83":2,"85":1,"89":2,"92":1,"93":1,"94":1,"96":1,"97":1,"100":1,"101":1,"103":1,"106":1,"108":2,"114":1,"116":1,"118":1,"123":1,"124":2,"125":2,"126":3,"127":3,"128":3,"129":3,"130":1,"133":3,"134":3,"139":3,"143":1,"144":3,"145":1,"149":1,"150":1,"158":1,"160":1,"161":1,"162":1,"164":1,"166":1,"258":1,"259":1,"271":1,"274":6,"275":6,"277":1,"279":2,"281":1,"283":2,"288":1,"289":1,"291":1,"296":1,"303":1,"306":1,"307":1,"310":1,"311":1,"313":1,"314":1,"315":1,"316":1,"317":1,"318":1,"319":1,"321":1,"322":1,"324":1}},"/home/travis/build/npmtest/node-npmtest-ladda/node_modules/ladda/dist/ladda.min.js":{"path":"/home/travis/build/npmtest/node-npmtest-ladda/node_modules/ladda/dist/ladda.min.js","s":{"1":1,"2":1,"3":1,"4":0,"5":0,"6":0,"7":0,"8":0,"9":0,"10":0,"11":0,"12":0,"13":0,"14":0,"15":0,"16":0,"17":0,"18":0,"19":0,"20":0,"21":0,"22":0,"23":0,"24":0,"25":0,"26":0,"27":0,"28":0,"29":0,"30":1,"31":0,"32":0,"33":0,"34":1,"35":0,"36":0,"37":0,"38":0,"39":1,"40":0,"41":0,"42":0,"43":0,"44":0,"45":0,"46":0,"47":0,"48":0,"49":0,"50":0,"51":0,"52":0,"53":0,"54":0,"55":0,"56":1,"57":0,"58":0,"59":1,"60":0,"61":0,"62":0,"63":0,"64":1,"65":0,"66":0,"67":0,"68":1,"69":0,"70":0,"71":1,"72":1},"b":{"1":[1,0],"2":[0,0],"3":[0,0],"4":[0,0],"5":[0,0],"6":[0,0],"7":[0,0],"8":[0,0],"9":[0,0],"10":[0,0],"11":[0,0],"12":[0,0],"13":[0,0,0],"14":[0,0],"15":[0,0],"16":[0,0],"17":[0,0],"18":[0,0],"19":[0,0],"20":[0,0],"21":[0,0],"22":[0,0],"23":[0,0,0],"24":[0,0],"25":[0,0],"26":[0,0],"27":[0,0],"28":[0,0,0,0],"29":[0,0],"30":[0,0],"31":[0,0],"32":[0,0],"33":[0,0],"34":[0,0],"35":[0,0],"36":[0,0],"37":[0,0],"38":[0,0],"39":[0,0],"40":[0,0]},"f":{"1":1,"2":1,"3":0,"4":0,"5":0,"6":0,"7":0,"8":0,"9":0,"10":0,"11":0,"12":0,"13":0,"14":0,"15":0,"16":0,"17":0,"18":0,"19":0,"20":0,"21":0,"22":0,"23":0},"fnMap":{"1":{"name":"(anonymous_1)","line":8,"loc":{"start":{"line":8,"column":1},"end":{"line":8,"column":14}}},"2":{"name":"(anonymous_2)","line":8,"loc":{"start":{"line":8,"column":161},"end":{"line":8,"column":172}}},"3":{"name":"b","line":8,"loc":{"start":{"line":8,"column":186},"end":{"line":8,"column":199}}},"4":{"name":"(anonymous_4)","line":8,"loc":{"start":{"line":8,"column":677},"end":{"line":8,"column":687}}},"5":{"name":"(anonymous_5)","line":8,"loc":{"start":{"line":8,"column":834},"end":{"line":8,"column":845}}},"6":{"name":"(anonymous_6)","line":8,"loc":{"start":{"line":8,"column":882},"end":{"line":8,"column":892}}},"7":{"name":"(anonymous_7)","line":8,"loc":{"start":{"line":8,"column":918},"end":{"line":8,"column":928}}},"8":{"name":"(anonymous_8)","line":8,"loc":{"start":{"line":8,"column":1033},"end":{"line":8,"column":1043}}},"9":{"name":"(anonymous_9)","line":8,"loc":{"start":{"line":8,"column":1073},"end":{"line":8,"column":1083}}},"10":{"name":"(anonymous_10)","line":8,"loc":{"start":{"line":8,"column":1151},"end":{"line":8,"column":1162}}},"11":{"name":"(anonymous_11)","line":8,"loc":{"start":{"line":8,"column":1416},"end":{"line":8,"column":1426}}},"12":{"name":"(anonymous_12)","line":8,"loc":{"start":{"line":8,"column":1460},"end":{"line":8,"column":1470}}},"13":{"name":"(anonymous_13)","line":8,"loc":{"start":{"line":8,"column":1536},"end":{"line":8,"column":1546}}},"14":{"name":"(anonymous_14)","line":8,"loc":{"start":{"line":8,"column":1593},"end":{"line":8,"column":1603}}},"15":{"name":"c","line":8,"loc":{"start":{"line":8,"column":1797},"end":{"line":8,"column":1812}}},"16":{"name":"d","line":8,"loc":{"start":{"line":8,"column":1892},"end":{"line":8,"column":1905}}},"17":{"name":"e","line":8,"loc":{"start":{"line":8,"column":2081},"end":{"line":8,"column":2096}}},"18":{"name":"(anonymous_18)","line":8,"loc":{"start":{"line":8,"column":2256},"end":{"line":8,"column":2266}}},"19":{"name":"(anonymous_19)","line":8,"loc":{"start":{"line":8,"column":2363},"end":{"line":8,"column":2374}}},"20":{"name":"f","line":8,"loc":{"start":{"line":8,"column":2893},"end":{"line":8,"column":2905}}},"21":{"name":"g","line":8,"loc":{"start":{"line":8,"column":2949},"end":{"line":8,"column":2962}}},"22":{"name":"h","line":8,"loc":{"start":{"line":8,"column":3468},"end":{"line":8,"column":3481}}},"23":{"name":"i","line":8,"loc":{"start":{"line":8,"column":3536},"end":{"line":8,"column":3551}}}},"statementMap":{"1":{"start":{"line":8,"column":0},"end":{"line":8,"column":3689}},"2":{"start":{"line":8,"column":15},"end":{"line":8,"column":154}},"3":{"start":{"line":8,"column":186},"end":{"line":8,"column":1797}},"4":{"start":{"line":8,"column":200},"end":{"line":8,"column":290}},"5":{"start":{"line":8,"column":225},"end":{"line":8,"column":290}},"6":{"start":{"line":8,"column":290},"end":{"line":8,"column":537}},"7":{"start":{"line":8,"column":467},"end":{"line":8,"column":504}},"8":{"start":{"line":8,"column":504},"end":{"line":8,"column":536}},"9":{"start":{"line":8,"column":537},"end":{"line":8,"column":579}},"10":{"start":{"line":8,"column":579},"end":{"line":8,"column":662}},"11":{"start":{"line":8,"column":662},"end":{"line":8,"column":1778}},"12":{"start":{"line":8,"column":688},"end":{"line":8,"column":821}},"13":{"start":{"line":8,"column":846},"end":{"line":8,"column":911}},"14":{"start":{"line":8,"column":893},"end":{"line":8,"column":902}},"15":{"start":{"line":8,"column":929},"end":{"line":8,"column":1064}},"16":{"start":{"line":8,"column":1044},"end":{"line":8,"column":1052}},"17":{"start":{"line":8,"column":1084},"end":{"line":8,"column":1137}},"18":{"start":{"line":8,"column":1163},"end":{"line":8,"column":1191}},"19":{"start":{"line":8,"column":1191},"end":{"line":8,"column":1232}},"20":{"start":{"line":8,"column":1232},"end":{"line":8,"column":1407}},"21":{"start":{"line":8,"column":1427},"end":{"line":8,"column":1450}},"22":{"start":{"line":8,"column":1471},"end":{"line":8,"column":1524}},"23":{"start":{"line":8,"column":1547},"end":{"line":8,"column":1584}},"24":{"start":{"line":8,"column":1604},"end":{"line":8,"column":1711}},"25":{"start":{"line":8,"column":1711},"end":{"line":8,"column":1775}},"26":{"start":{"line":8,"column":1742},"end":{"line":8,"column":1775}},"27":{"start":{"line":8,"column":1755},"end":{"line":8,"column":1769}},"28":{"start":{"line":8,"column":1769},"end":{"line":8,"column":1774}},"29":{"start":{"line":8,"column":1778},"end":{"line":8,"column":1796}},"30":{"start":{"line":8,"column":1797},"end":{"line":8,"column":1892}},"31":{"start":{"line":8,"column":1813},"end":{"line":8,"column":1862}},"32":{"start":{"line":8,"column":1847},"end":{"line":8,"column":1862}},"33":{"start":{"line":8,"column":1862},"end":{"line":8,"column":1891}},"34":{"start":{"line":8,"column":1892},"end":{"line":8,"column":2081}},"35":{"start":{"line":8,"column":1906},"end":{"line":8,"column":2072}},"36":{"start":{"line":8,"column":1970},"end":{"line":8,"column":2072}},"37":{"start":{"line":8,"column":2028},"end":{"line":8,"column":2072}},"38":{"start":{"line":8,"column":2072},"end":{"line":8,"column":2080}},"39":{"start":{"line":8,"column":2081},"end":{"line":8,"column":2893}},"40":{"start":{"line":8,"column":2097},"end":{"line":8,"column":2105}},"41":{"start":{"line":8,"column":2105},"end":{"line":8,"column":2114}},"42":{"start":{"line":8,"column":2114},"end":{"line":8,"column":2224}},"43":{"start":{"line":8,"column":2224},"end":{"line":8,"column":2892}},"44":{"start":{"line":8,"column":2255},"end":{"line":8,"column":2892}},"45":{"start":{"line":8,"column":2267},"end":{"line":8,"column":2278}},"46":{"start":{"line":8,"column":2278},"end":{"line":8,"column":2889}},"47":{"start":{"line":8,"column":2320},"end":{"line":8,"column":2336}},"48":{"start":{"line":8,"column":2336},"end":{"line":8,"column":2888}},"49":{"start":{"line":8,"column":2375},"end":{"line":8,"column":2398}},"50":{"start":{"line":8,"column":2398},"end":{"line":8,"column":2728}},"51":{"start":{"line":8,"column":2423},"end":{"line":8,"column":2728}},"52":{"start":{"line":8,"column":2461},"end":{"line":8,"column":2481}},"53":{"start":{"line":8,"column":2486},"end":{"line":8,"column":2728}},"54":{"start":{"line":8,"column":2520},"end":{"line":8,"column":2728}},"55":{"start":{"line":8,"column":2728},"end":{"line":8,"column":2883}},"56":{"start":{"line":8,"column":2893},"end":{"line":8,"column":2949}},"57":{"start":{"line":8,"column":2906},"end":{"line":8,"column":2948}},"58":{"start":{"line":8,"column":2937},"end":{"line":8,"column":2948}},"59":{"start":{"line":8,"column":2949},"end":{"line":8,"column":3468}},"60":{"start":{"line":8,"column":2963},"end":{"line":8,"column":2988}},"61":{"start":{"line":8,"column":2988},"end":{"line":8,"column":3320}},"62":{"start":{"line":8,"column":3320},"end":{"line":8,"column":3348}},"63":{"start":{"line":8,"column":3348},"end":{"line":8,"column":3467}},"64":{"start":{"line":8,"column":3468},"end":{"line":8,"column":3536}},"65":{"start":{"line":8,"column":3482},"end":{"line":8,"column":3527}},"66":{"start":{"line":8,"column":3514},"end":{"line":8,"column":3527}},"67":{"start":{"line":8,"column":3527},"end":{"line":8,"column":3535}},"68":{"start":{"line":8,"column":3536},"end":{"line":8,"column":3644}},"69":{"start":{"line":8,"column":3552},"end":{"line":8,"column":3581}},"70":{"start":{"line":8,"column":3581},"end":{"line":8,"column":3643}},"71":{"start":{"line":8,"column":3644},"end":{"line":8,"column":3653}},"72":{"start":{"line":8,"column":3653},"end":{"line":8,"column":3686}}},"branchMap":{"1":{"line":8,"type":"cond-expr","locations":[{"start":{"line":8,"column":40},"end":{"line":8,"column":76}},{"start":{"line":8,"column":77},"end":{"line":8,"column":154}}]},"2":{"line":8,"type":"cond-expr","locations":[{"start":{"line":8,"column":115},"end":{"line":8,"column":133}},{"start":{"line":8,"column":134},"end":{"line":8,"column":154}}]},"3":{"line":8,"type":"binary-expr","locations":[{"start":{"line":8,"column":77},"end":{"line":8,"column":102}},{"start":{"line":8,"column":104},"end":{"line":8,"column":114}}]},"4":{"line":8,"type":"if","locations":[{"start":{"line":8,"column":200},"end":{"line":8,"column":200}},{"start":{"line":8,"column":200},"end":{"line":8,"column":200}}]},"5":{"line":8,"type":"if","locations":[{"start":{"line":8,"column":290},"end":{"line":8,"column":290}},{"start":{"line":8,"column":290},"end":{"line":8,"column":290}}]},"6":{"line":8,"type":"binary-expr","locations":[{"start":{"line":8,"column":293},"end":{"line":8,"column":326}},{"start":{"line":8,"column":329},"end":{"line":8,"column":357}}]},"7":{"line":8,"type":"binary-expr","locations":[{"start":{"line":8,"column":359},"end":{"line":8,"column":387}},{"start":{"line":8,"column":389},"end":{"line":8,"column":432}}]},"8":{"line":8,"type":"binary-expr","locations":[{"start":{"line":8,"column":579},"end":{"line":8,"column":580}},{"start":{"line":8,"column":583},"end":{"line":8,"column":643}}]},"9":{"line":8,"type":"binary-expr","locations":[{"start":{"line":8,"column":695},"end":{"line":8,"column":696}},{"start":{"line":8,"column":699},"end":{"line":8,"column":705}}]},"10":{"line":8,"type":"binary-expr","locations":[{"start":{"line":8,"column":1016},"end":{"line":8,"column":1017}},{"start":{"line":8,"column":1020},"end":{"line":8,"column":1058}}]},"11":{"line":8,"type":"cond-expr","locations":[{"start":{"line":8,"column":1108},"end":{"line":8,"column":1119}},{"start":{"line":8,"column":1120},"end":{"line":8,"column":1132}}]},"12":{"line":8,"type":"cond-expr","locations":[{"start":{"line":8,"column":1255},"end":{"line":8,"column":1282}},{"start":{"line":8,"column":1284},"end":{"line":8,"column":1406}}]},"13":{"line":8,"type":"binary-expr","locations":[{"start":{"line":8,"column":1232},"end":{"line":8,"column":1237}},{"start":{"line":8,"column":1239},"end":{"line":8,"column":1240}},{"start":{"line":8,"column":1242},"end":{"line":8,"column":1254}}]},"14":{"line":8,"type":"binary-expr","locations":[{"start":{"line":8,"column":1284},"end":{"line":8,"column":1285}},{"start":{"line":8,"column":1288},"end":{"line":8,"column":1365}}]},"15":{"line":8,"type":"binary-expr","locations":[{"start":{"line":8,"column":1382},"end":{"line":8,"column":1383}},{"start":{"line":8,"column":1385},"end":{"line":8,"column":1386}}]},"16":{"line":8,"type":"binary-expr","locations":[{"start":{"line":8,"column":1690},"end":{"line":8,"column":1691}},{"start":{"line":8,"column":1694},"end":{"line":8,"column":1709}}]},"17":{"line":8,"type":"if","locations":[{"start":{"line":8,"column":1742},"end":{"line":8,"column":1742}},{"start":{"line":8,"column":1742},"end":{"line":8,"column":1742}}]},"18":{"line":8,"type":"binary-expr","locations":[{"start":{"line":8,"column":1818},"end":{"line":8,"column":1830}},{"start":{"line":8,"column":1832},"end":{"line":8,"column":1845}}]},"19":{"line":8,"type":"cond-expr","locations":[{"start":{"line":8,"column":1883},"end":{"line":8,"column":1884}},{"start":{"line":8,"column":1885},"end":{"line":8,"column":1891}}]},"20":{"line":8,"type":"binary-expr","locations":[{"start":{"line":8,"column":2028},"end":{"line":8,"column":2057}},{"start":{"line":8,"column":2059},"end":{"line":8,"column":2071}}]},"21":{"line":8,"type":"binary-expr","locations":[{"start":{"line":8,"column":2099},"end":{"line":8,"column":2100}},{"start":{"line":8,"column":2102},"end":{"line":8,"column":2104}}]},"22":{"line":8,"type":"cond-expr","locations":[{"start":{"line":8,"column":2133},"end":{"line":8,"column":2166}},{"start":{"line":8,"column":2167},"end":{"line":8,"column":2223}}]},"23":{"line":8,"type":"binary-expr","locations":[{"start":{"line":8,"column":2167},"end":{"line":8,"column":2185}},{"start":{"line":8,"column":2187},"end":{"line":8,"column":2214}},{"start":{"line":8,"column":2217},"end":{"line":8,"column":2222}}]},"24":{"line":8,"type":"if","locations":[{"start":{"line":8,"column":2278},"end":{"line":8,"column":2278}},{"start":{"line":8,"column":2278},"end":{"line":8,"column":2278}}]},"25":{"line":8,"type":"if","locations":[{"start":{"line":8,"column":2398},"end":{"line":8,"column":2398}},{"start":{"line":8,"column":2398},"end":{"line":8,"column":2398}}]},"26":{"line":8,"type":"if","locations":[{"start":{"line":8,"column":2423},"end":{"line":8,"column":2423}},{"start":{"line":8,"column":2423},"end":{"line":8,"column":2423}}]},"27":{"line":8,"type":"binary-expr","locations":[{"start":{"line":8,"column":2520},"end":{"line":8,"column":2560}},{"start":{"line":8,"column":2563},"end":{"line":8,"column":2567}}]},"28":{"line":8,"type":"binary-expr","locations":[{"start":{"line":8,"column":2569},"end":{"line":8,"column":2591}},{"start":{"line":8,"column":2593},"end":{"line":8,"column":2612}},{"start":{"line":8,"column":2614},"end":{"line":8,"column":2626}},{"start":{"line":8,"column":2629},"end":{"line":8,"column":2633}}]},"29":{"line":8,"type":"binary-expr","locations":[{"start":{"line":8,"column":2635},"end":{"line":8,"column":2654}},{"start":{"line":8,"column":2657},"end":{"line":8,"column":2726}}]},"30":{"line":8,"type":"binary-expr","locations":[{"start":{"line":8,"column":2728},"end":{"line":8,"column":2729}},{"start":{"line":8,"column":2732},"end":{"line":8,"column":2882}}]},"31":{"line":8,"type":"binary-expr","locations":[{"start":{"line":8,"column":2748},"end":{"line":8,"column":2774}},{"start":{"line":8,"column":2777},"end":{"line":8,"column":2823}}]},"32":{"line":8,"type":"binary-expr","locations":[{"start":{"line":8,"column":2825},"end":{"line":8,"column":2854}},{"start":{"line":8,"column":2856},"end":{"line":8,"column":2882}}]},"33":{"line":8,"type":"binary-expr","locations":[{"start":{"line":8,"column":2988},"end":{"line":8,"column":2993}},{"start":{"line":8,"column":2996},"end":{"line":8,"column":3043}}]},"34":{"line":8,"type":"binary-expr","locations":[{"start":{"line":8,"column":3045},"end":{"line":8,"column":3049}},{"start":{"line":8,"column":3052},"end":{"line":8,"column":3057}}]},"35":{"line":8,"type":"binary-expr","locations":[{"start":{"line":8,"column":3059},"end":{"line":8,"column":3094}},{"start":{"line":8,"column":3097},"end":{"line":8,"column":3147}}]},"36":{"line":8,"type":"binary-expr","locations":[{"start":{"line":8,"column":3149},"end":{"line":8,"column":3185}},{"start":{"line":8,"column":3188},"end":{"line":8,"column":3226}}]},"37":{"line":8,"type":"binary-expr","locations":[{"start":{"line":8,"column":3228},"end":{"line":8,"column":3264}},{"start":{"line":8,"column":3267},"end":{"line":8,"column":3318}}]},"38":{"line":8,"type":"cond-expr","locations":[{"start":{"line":8,"column":3344},"end":{"line":8,"column":3345}},{"start":{"line":8,"column":3346},"end":{"line":8,"column":3347}}]},"39":{"line":8,"type":"binary-expr","locations":[{"start":{"line":8,"column":3368},"end":{"line":8,"column":3369}},{"start":{"line":8,"column":3371},"end":{"line":8,"column":3377}}]},"40":{"line":8,"type":"binary-expr","locations":[{"start":{"line":8,"column":3384},"end":{"line":8,"column":3385}},{"start":{"line":8,"column":3387},"end":{"line":8,"column":3389}}]}},"code":["/*!"," * Ladda 1.0.0 (2016-03-08, 09:31)"," * http://lab.hakim.se/ladda"," * MIT licensed"," *"," * Copyright (C) 2016 Hakim El Hattab, http://hakim.se"," */","!function(a,b){\"object\"==typeof exports?module.exports=b(require(\"spin.js\")):\"function\"==typeof define&&define.amd?define([\"spin\"],b):a.Ladda=b(a.Spinner)}(this,function(a){\"use strict\";function b(a){if(\"undefined\"==typeof a)return void console.warn(\"Ladda button target must be defined.\");if(/ladda-button/i.test(a.className)||(a.className+=\" ladda-button\"),a.hasAttribute(\"data-style\")||a.setAttribute(\"data-style\",\"expand-right\"),!a.querySelector(\".ladda-label\")){var b=document.createElement(\"span\");b.className=\"ladda-label\",i(a,b)}var c,d=a.querySelector(\".ladda-spinner\");d||(d=document.createElement(\"span\"),d.className=\"ladda-spinner\"),a.appendChild(d);var e,f={start:function(){return c||(c=g(a)),a.setAttribute(\"disabled\",\"\"),a.setAttribute(\"data-loading\",\"\"),clearTimeout(e),c.spin(d),this.setProgress(0),this},startAfter:function(a){return clearTimeout(e),e=setTimeout(function(){f.start()},a),this},stop:function(){return a.removeAttribute(\"disabled\"),a.removeAttribute(\"data-loading\"),clearTimeout(e),c&&(e=setTimeout(function(){c.stop()},1e3)),this},toggle:function(){return this.isLoading()?this.stop():this.start(),this},setProgress:function(b){b=Math.max(Math.min(b,1),0);var c=a.querySelector(\".ladda-progress\");0===b&&c&&c.parentNode?c.parentNode.removeChild(c):(c||(c=document.createElement(\"div\"),c.className=\"ladda-progress\",a.appendChild(c)),c.style.width=(b||0)*a.offsetWidth+\"px\")},enable:function(){return this.stop(),this},disable:function(){return this.stop(),a.setAttribute(\"disabled\",\"\"),this},isLoading:function(){return a.hasAttribute(\"data-loading\")},remove:function(){clearTimeout(e),a.removeAttribute(\"disabled\",\"\"),a.removeAttribute(\"data-loading\",\"\"),c&&(c.stop(),c=null);for(var b=0,d=j.length;d>b;b++)if(f===j[b]){j.splice(b,1);break}}};return j.push(f),f}function c(a,b){for(;a.parentNode&&a.tagName!==b;)a=a.parentNode;return b===a.tagName?a:void 0}function d(a){for(var b=[\"input\",\"textarea\",\"select\"],c=[],d=0;d<b.length;d++)for(var e=a.getElementsByTagName(b[d]),f=0;f<e.length;f++)e[f].hasAttribute(\"required\")&&c.push(e[f]);return c}function e(a,e){e=e||{};var f=[];\"string\"==typeof a?f=h(document.querySelectorAll(a)):\"object\"==typeof a&&\"string\"==typeof a.nodeName&&(f=[a]);for(var g=0,i=f.length;i>g;g++)!function(){var a=f[g];if(\"function\"==typeof a.addEventListener){var h=b(a),i=-1;a.addEventListener(\"click\",function(b){var f=!0,g=c(a,\"FORM\");if(\"undefined\"!=typeof g)if(\"function\"==typeof g.checkValidity)f=g.checkValidity();else for(var j=d(g),k=0;k<j.length;k++)\"\"===j[k].value.replace(/^\\s+|\\s+$/g,\"\")&&(f=!1),\"checkbox\"!==j[k].type&&\"radio\"!==j[k].type||j[k].checked||(f=!1),\"email\"===j[k].type&&(f=/^[a-zA-Z0-9_.+-]+@[a-zA-Z0-9-]+\\.[a-zA-Z0-9-.]+$/.test(j[k].value));f&&(h.startAfter(1),\"number\"==typeof e.timeout&&(clearTimeout(i),i=setTimeout(h.stop,e.timeout)),\"function\"==typeof e.callback&&e.callback.apply(null,[h]))},!1)}}()}function f(){for(var a=0,b=j.length;b>a;a++)j[a].stop()}function g(b){var c,d,e=b.offsetHeight;0===e&&(e=parseFloat(window.getComputedStyle(b).height)),e>32&&(e*=.8),b.hasAttribute(\"data-spinner-size\")&&(e=parseInt(b.getAttribute(\"data-spinner-size\"),10)),b.hasAttribute(\"data-spinner-color\")&&(c=b.getAttribute(\"data-spinner-color\")),b.hasAttribute(\"data-spinner-lines\")&&(d=parseInt(b.getAttribute(\"data-spinner-lines\"),10));var f=.2*e,g=.6*f,h=7>f?2:3;return new a({color:c||\"#fff\",lines:d||12,radius:f,length:g,width:h,zIndex:\"auto\",top:\"auto\",left:\"auto\",className:\"\"})}function h(a){for(var b=[],c=0;c<a.length;c++)b.push(a[c]);return b}function i(a,b){var c=document.createRange();c.selectNodeContents(a),c.surroundContents(b),a.appendChild(b)}var j=[];return{bind:e,create:b,stopAll:f}});"],"l":{"8":1}},"/home/travis/build/npmtest/node-npmtest-ladda/node_modules/ladda/Gruntfile.js":{"path":"/home/travis/build/npmtest/node-npmtest-ladda/node_modules/ladda/Gruntfile.js","s":{"1":1,"2":0,"3":0,"4":0,"5":0,"6":0,"7":0,"8":0,"9":0,"10":0,"11":0},"b":{},"f":{"1":0},"fnMap":{"1":{"name":"(anonymous_1)","line":2,"loc":{"start":{"line":2,"column":17},"end":{"line":2,"column":33}}}},"statementMap":{"1":{"start":{"line":2,"column":0},"end":{"line":114,"column":2}},"2":{"start":{"line":5,"column":1},"end":{"line":95,"column":4}},"3":{"start":{"line":98,"column":1},"end":{"line":98,"column":46}},"4":{"start":{"line":99,"column":1},"end":{"line":99,"column":46}},"5":{"start":{"line":100,"column":1},"end":{"line":100,"column":45}},"6":{"start":{"line":101,"column":1},"end":{"line":101,"column":44}},"7":{"start":{"line":102,"column":1},"end":{"line":102,"column":47}},"8":{"start":{"line":105,"column":1},"end":{"line":105,"column":50}},"9":{"start":{"line":108,"column":1},"end":{"line":108,"column":52}},"10":{"start":{"line":109,"column":1},"end":{"line":109,"column":41}},"11":{"start":{"line":112,"column":1},"end":{"line":112,"column":55}}},"branchMap":{},"code":["/* global module:false */","module.exports = function(grunt) {","","\t// Project configuration","\tgrunt.initConfig({","\t\tpkg: grunt.file.readJSON('package.json'),","\t\tmeta: {","\t\t\tbanner:","\t\t\t\t'/*!\\n' +","\t\t\t\t' * Ladda <%= pkg.version %> (<%= grunt.template.today(\"yyyy-mm-dd, HH:MM\") %>)\\n' +","\t\t\t\t' * http://lab.hakim.se/ladda\\n' +","\t\t\t\t' * MIT licensed\\n' +","\t\t\t\t' *\\n' +","\t\t\t\t' * Copyright (C) 2016 Hakim El Hattab, http://hakim.se\\n' +","\t\t\t\t' */'","\t\t},","","\t\tuglify: {","\t\t\tmain: {","\t\t\t\toptions: {","\t\t\t\t\tbanner: '<%= meta.banner %>\\n'","\t\t\t\t},","\t\t\t\tfiles: {","\t\t\t\t\t'dist/ladda.min.js': 'js/ladda.js'","\t\t\t\t}","\t\t\t},","\t\t\tlib: {","\t\t\t\toptions: {","\t\t\t\t\tpreserveComments: 'some'","\t\t\t\t},","\t\t\t\tfiles: {","\t\t\t\t\t'dist/spin.min.js': 'js/spin.js',","\t\t\t\t\t'dist/ladda.jquery.min.js': 'js/ladda.jquery.js'","\t\t\t\t}","\t\t\t}","\t\t},","","\t\tsass: {","\t\t\tmain: {","\t\t\t\toptions: {","\t\t\t\t\tstyle: 'compressed',","\t\t\t\t\tsourcemap: 'none'","\t\t\t\t},","\t\t\t\tfiles: {","\t\t\t\t\t'dist/ladda.min.css': [ 'css/ladda-themed.scss' ],","\t\t\t\t\t'dist/ladda-themeless.min.css': [ 'css/ladda.scss' ]","\t\t\t\t}","\t\t\t}","\t\t},","","\t\tjshint: {","\t\t\toptions: {","\t\t\t\tcurly: false,","\t\t\t\teqeqeq: true,","\t\t\t\timmed: true,","\t\t\t\tlatedef: true,","\t\t\t\tnewcap: true,","\t\t\t\tnoarg: true,","\t\t\t\tsub: true,","\t\t\t\tundef: true,","\t\t\t\teqnull: true,","\t\t\t\tbrowser: true,","\t\t\t\texpr: true,","\t\t\t\tloopfunc: true,","\t\t\t\tglobals: {","\t\t\t\t\thead: false,","\t\t\t\t\tmodule: false,","\t\t\t\t\tconsole: false,","\t\t\t\t\tdefine: false","\t\t\t\t}","\t\t\t},","\t\t\tfiles: [ 'Gruntfile.js', 'js/ladda.js', 'js/ladda.jquery.js' ]","\t\t},","","\t\tconnect: {","\t\t\tserver: {","\t\t\t\toptions: {","\t\t\t\t\tport: 8000,","\t\t\t\t\tbase: '.'","\t\t\t\t}","\t\t\t}","\t\t},","","\t\twatch: {","\t\t\tmain: {","\t\t\t\tfiles: [ 'Gruntfile.js', 'js/ladda.js' ],","\t\t\t\ttasks: 'js'","\t\t\t},","\t\t\ttheme: {","\t\t\t\tfiles: [ 'css/ladda.scss' ],","\t\t\t\ttasks: 'css'","\t\t\t}","\t\t}","","\t});","","\t// Dependencies","\tgrunt.loadNpmTasks( 'grunt-contrib-jshint' );","\tgrunt.loadNpmTasks( 'grunt-contrib-uglify' );","\tgrunt.loadNpmTasks( 'grunt-contrib-watch' );","\tgrunt.loadNpmTasks( 'grunt-contrib-sass' );","\tgrunt.loadNpmTasks( 'grunt-contrib-connect' );","","\t// Default task","\tgrunt.registerTask( 'default', [ 'js', 'css' ] );","","\t// Theme task","\tgrunt.registerTask( 'js', [ 'jshint', 'uglify' ] );","\tgrunt.registerTask( 'css', [ 'sass' ] );","","\t// Serve presentation locally","\tgrunt.registerTask( 'serve', [ 'connect', 'watch' ] );","","};",""],"l":{"2":1,"5":0,"98":0,"99":0,"100":0,"101":0,"102":0,"105":0,"108":0,"109":0,"112":0}},"/home/travis/build/npmtest/node-npmtest-ladda/node_modules/ladda/js/ladda.jquery.js":{"path":"/home/travis/build/npmtest/node-npmtest-ladda/node_modules/ladda/js/ladda.jquery.js","s":{"1":1,"2":1,"3":1,"4":0,"5":0,"6":0,"7":0,"8":0,"9":0,"10":0,"11":0,"12":0,"13":0,"14":0,"15":0,"16":0,"17":0,"18":0,"19":0},"b":{"1":[1,0],"2":[0,0],"3":[0,0],"4":[0,0]},"f":{"1":1,"2":0,"3":0,"4":0},"fnMap":{"1":{"name":"(anonymous_1)","line":9,"loc":{"start":{"line":9,"column":1},"end":{"line":9,"column":22}}},"2":{"name":"(anonymous_2)","line":16,"loc":{"start":{"line":16,"column":9},"end":{"line":16,"column":25}}},"3":{"name":"(anonymous_3)","line":23,"loc":{"start":{"line":23,"column":9},"end":{"line":23,"column":25}}},"4":{"name":"(anonymous_4)","line":31,"loc":{"start":{"line":31,"column":20},"end":{"line":31,"column":31}}}},"statementMap":{"1":{"start":{"line":9,"column":0},"end":{"line":46,"column":30}},"2":{"start":{"line":10,"column":1},"end":{"line":11,"column":61}},"3":{"start":{"line":11,"column":2},"end":{"line":11,"column":61}},"4":{"start":{"line":13,"column":1},"end":{"line":13,"column":14}},"5":{"start":{"line":15,"column":1},"end":{"line":20,"column":4}},"6":{"start":{"line":17,"column":3},"end":{"line":18,"column":20}},"7":{"start":{"line":18,"column":4},"end":{"line":18,"column":20}},"8":{"start":{"line":22,"column":1},"end":{"line":45,"column":4}},"9":{"start":{"line":24,"column":3},"end":{"line":24,"column":45}},"10":{"start":{"line":26,"column":3},"end":{"line":41,"column":4}},"11":{"start":{"line":27,"column":4},"end":{"line":27,"column":39}},"12":{"start":{"line":28,"column":4},"end":{"line":28,"column":36}},"13":{"start":{"line":31,"column":4},"end":{"line":40,"column":7}},"14":{"start":{"line":32,"column":5},"end":{"line":32,"column":34}},"15":{"start":{"line":34,"column":5},"end":{"line":39,"column":6}},"16":{"start":{"line":35,"column":6},"end":{"line":35,"column":50}},"17":{"start":{"line":37,"column":6},"end":{"line":37,"column":36}},"18":{"start":{"line":38,"column":6},"end":{"line":38,"column":38}},"19":{"start":{"line":43,"column":3},"end":{"line":43,"column":15}}},"branchMap":{"1":{"line":10,"type":"if","locations":[{"start":{"line":10,"column":1},"end":{"line":10,"column":1}},{"start":{"line":10,"column":1},"end":{"line":10,"column":1}}]},"2":{"line":17,"type":"if","locations":[{"start":{"line":17,"column":3},"end":{"line":17,"column":3}},{"start":{"line":17,"column":3},"end":{"line":17,"column":3}}]},"3":{"line":26,"type":"if","locations":[{"start":{"line":26,"column":3},"end":{"line":26,"column":3}},{"start":{"line":26,"column":3},"end":{"line":26,"column":3}}]},"4":{"line":34,"type":"if","locations":[{"start":{"line":34,"column":5},"end":{"line":34,"column":5}},{"start":{"line":34,"column":5},"end":{"line":34,"column":5}}]}},"code":["/*!"," * Ladda for jQuery"," * http://lab.hakim.se/ladda"," * MIT licensed"," *"," * Copyright (C) 2015 Hakim El Hattab, http://hakim.se"," */","","(function( Ladda, $ ) {","\tif ($ === undefined)","\t\treturn console.error( 'jQuery required for Ladda.jQuery' );","","\tvar arr = [];","","\t$ = $.extend( $, {","\t\tladda: function( arg ) {","\t\t\tif( arg === 'stopAll' )","\t\t\t\tLadda.stopAll();","\t\t}","\t});","","\t$.fn = $.extend( $.fn, {","\t\tladda: function( arg ) {","\t\t\tvar args = arr.slice.call( arguments, 1 );","","\t\t\tif( arg === 'bind' ) {","\t\t\t\targs.unshift( $( this ).selector );","\t\t\t\tLadda.bind.apply( Ladda, args );","\t\t\t}","\t\t\telse {","\t\t\t\t$( this ).each( function() {","\t\t\t\t\tvar $this = $( this ), ladda;","","\t\t\t\t\tif( arg === undefined )","\t\t\t\t\t\t$this.data( 'ladda', Ladda.create( this ) );","\t\t\t\t\telse {","\t\t\t\t\t\tladda = $this.data( 'ladda' );","\t\t\t\t\t\tladda[arg].apply( ladda, args );","\t\t\t\t\t}","\t\t\t\t});","\t\t\t}","","\t\t\treturn this;","\t\t}","\t});\t","}( this.Ladda, this.jQuery ));"],"l":{"9":1,"10":1,"11":1,"13":0,"15":0,"17":0,"18":0,"22":0,"24":0,"26":0,"27":0,"28":0,"31":0,"32":0,"34":0,"35":0,"37":0,"38":0,"43":0}},"/home/travis/build/npmtest/node-npmtest-ladda/node_modules/ladda/js/ladda.js":{"path":"/home/travis/build/npmtest/node-npmtest-ladda/node_modules/ladda/js/ladda.js","s":{"1":1,"2":1,"3":1,"4":0,"5":0,"6":0,"7":1,"8":1,"9":0,"10":0,"11":0,"12":0,"13":0,"14":0,"15":0,"16":0,"17":0,"18":0,"19":0,"20":0,"21":0,"22":0,"23":0,"24":0,"25":0,"26":0,"27":0,"28":0,"29":0,"30":0,"31":0,"32":0,"33":0,"34":0,"35":0,"36":0,"37":0,"38":0,"39":0,"40":0,"41":0,"42":0,"43":0,"44":0,"45":0,"46":0,"47":0,"48":0,"49":0,"50":0,"51":0,"52":0,"53":0,"54":0,"55":0,"56":0,"57":0,"58":0,"59":0,"60":0,"61":0,"62":0,"63":0,"64":0,"65":0,"66":0,"67":0,"68":0,"69":0,"70":0,"71":0,"72":0,"73":0,"74":0,"75":0,"76":0,"77":1,"78":0,"79":0,"80":0,"81":1,"82":0,"83":0,"84":0,"85":0,"86":0,"87":0,"88":0,"89":0,"90":1,"91":0,"92":0,"93":0,"94":0,"95":0,"96":0,"97":0,"98":0,"99":0,"100":0,"101":0,"102":0,"103":0,"104":0,"105":0,"106":0,"107":0,"108":0,"109":0,"110":0,"111":0,"112":0,"113":0,"114":0,"115":0,"116":0,"117":0,"118":0,"119":0,"120":0,"121":0,"122":0,"123":0,"124":1,"125":0,"126":0,"127":1,"128":0,"129":0,"130":0,"131":0,"132":0,"133":0,"134":0,"135":0,"136":0,"137":0,"138":0,"139":0,"140":0,"141":1,"142":0,"143":0,"144":0,"145":0,"146":1,"147":0,"148":0,"149":0,"150":0,"151":1},"b":{"1":[1,0],"2":[0,0],"3":[0,0],"4":[0,0],"5":[0,0],"6":[0,0],"7":[0,0],"8":[0,0],"9":[0,0],"10":[0,0],"11":[0,0],"12":[0,0],"13":[0,0,0],"14":[0,0],"15":[0,0],"16":[0,0],"17":[0,0],"18":[0,0],"19":[0,0],"20":[0,0],"21":[0,0],"22":[0,0],"23":[0,0],"24":[0,0],"25":[0,0],"26":[0,0],"27":[0,0],"28":[0,0],"29":[0,0],"30":[0,0,0],"31":[0,0],"32":[0,0],"33":[0,0],"34":[0,0],"35":[0,0],"36":[0,0],"37":[0,0],"
[...]
":267,"column":85}},"88":{"start":{"line":267,"column":22},"end":{"line":267,"column":85}},"89":{"start":{"line":268,"column":8},"end":{"line":268,"column":79}},"90":{"start":{"line":270,"column":6},"end":{"line":270,"column":15}},"91":{"start":{"line":278,"column":6},"end":{"line":278,"column":72}},"92":{"start":{"line":278,"column":36},"end":{"line":278,"column":72}},"93":{"start":{"line":284,"column":2},"end":{"line":345,"column":3}},"94":{"start":{"line":287,"column":4},"end":{"line":289,"column":5}},"95":{"start":{"line":288,"column":6},"end":{"line":288,"column":99}},"96":{"start":{"line":292,"column":4},"end":{"line":292,"column":60}},"97":{"start":{"line":294,"column":4},"end":{"line":335,"column":5}},"98":{"start":{"line":295,"column":6},"end":{"line":296,"column":17}},"99":{"start":{"line":298,"column":6},"end":{"line":306,"column":7}},"100":{"start":{"line":299,"column":8},"end":{"line":305,"column":9}},"101":{"start":{"line":308,"column":6},"end":{"line":310,"column":11}},"102":{"start":{"line":312,"column":6},"end":{"line":327,"column":7}},"103":{"start":{"line":313,"column":8},"end":{"line":326,"column":9}},"104":{"start":{"line":329,"column":6},"end":{"line":331,"column":107}},"105":{"start":{"line":330,"column":8},"end":{"line":331,"column":107}},"106":{"start":{"line":331,"column":10},"end":{"line":331,"column":107}},"107":{"start":{"line":333,"column":6},"end":{"line":333,"column":43}},"108":{"start":{"line":333,"column":37},"end":{"line":333,"column":43}},"109":{"start":{"line":334,"column":6},"end":{"line":334,"column":23}},"110":{"start":{"line":337,"column":4},"end":{"line":344,"column":5}},"111":{"start":{"line":338,"column":6},"end":{"line":338,"column":27}},"112":{"start":{"line":339,"column":6},"end":{"line":339,"column":34}},"113":{"start":{"line":340,"column":6},"end":{"line":343,"column":7}},"114":{"start":{"line":341,"column":8},"end":{"line":341,"column":30}},"115":{"start":{"line":341,"column":31},"end":{"line":341,"column":53}},"116":{"start":{"line":341,"column":54},"end":{"line":341,"column":75}},"117":{"start":{"line":342,"column":8},"end":{"line":342,"column":30}},"118":{"start":{"line":342,"column":15},"end":{"line":342,"column":30}},"119":{"start":{"line":347,"column":2},"end":{"line":347,"column":69}},"120":{"start":{"line":349,"column":2},"end":{"line":350,"column":52}},"121":{"start":{"line":349,"column":48},"end":{"line":349,"column":57}},"122":{"start":{"line":350,"column":7},"end":{"line":350,"column":52}},"123":{"start":{"line":352,"column":2},"end":{"line":352,"column":16}}},"branchMap":{"1":{"line":8,"type":"if","locations":[{"start":{"line":8,"column":2},"end":{"line":8,"column":2}},{"start":{"line":8,"column":2},"end":{"line":8,"column":2}}]},"2":{"line":12,"type":"if","locations":[{"start":{"line":12,"column":7},"end":{"line":12,"column":7}},{"start":{"line":12,"column":7},"end":{"line":12,"column":7}}]},"3":{"line":12,"type":"binary-expr","locations":[{"start":{"line":12,"column":11},"end":{"line":12,"column":38}},{"start":{"line":12,"column":42},"end":{"line":12,"column":52}}]},"4":{"line":33,"type":"binary-expr","locations":[{"start":{"line":33,"column":36},"end":{"line":33,"column":39}},{"start":{"line":33,"column":43},"end":{"line":33,"column":48}}]},"5":{"line":56,"type":"binary-expr","locations":[{"start":{"line":56,"column":11},"end":{"line":56,"column":19}},{"start":{"line":56,"column":23},"end":{"line":56,"column":36}}]},"6":{"line":69,"type":"binary-expr","locations":[{"start":{"line":69,"column":14},"end":{"line":69,"column":20}},{"start":{"line":69,"column":24},"end":{"line":69,"column":42}},{"start":{"line":69,"column":46},"end":{"line":69,"column":48}}]},"7":{"line":71,"type":"if","locations":[{"start":{"line":71,"column":4},"end":{"line":71,"column":4}},{"start":{"line":71,"column":4},"end":{"line":71,"column":4}}]},"8":{"line":98,"type":"if","locations":[{"start":{"line":98,"column":6},"end":{"line":98,"column":6}},{"start":{"line":98,"column":6},"end":{"line":98,"column":6}}]},"9":{"line":100,"type":"if","locations":[{"start":{"line":100,"column":4},"end":{"line":100,"column":4}},{"start":{"line":100,"column":4},"end":{"line":100,"column":4}}]},"10":{"line":108,"type":"binary-expr","locations":[{"start":{"line":108,"column":15},"end":{"line":108,"column":28}},{"start":{"line":108,"column":30},"end":{"line":108,"column":31}}]},"11":{"line":120,"type":"if","locations":[{"start":{"line":120,"column":8},"end":{"line":120,"column":8}},{"start":{"line":120,"column":8},"end":{"line":120,"column":8}}]},"12":{"line":140,"type":"cond-expr","locations":[{"start":{"line":140,"column":38},"end":{"line":140,"column":43}},{"start":{"line":140,"column":46},"end":{"line":140,"column":71}}]},"13":{"line":167,"type":"binary-expr","locations":[{"start":{"line":167,"column":22},"end":{"line":167,"column":23}},{"start":{"line":167,"column":27},"end":{"line":167,"column":29}}]},"14":{"line":193,"type":"if","locations":[{"start":{"line":193,"column":6},"end":{"line":193,"column":6}},{"start":{"line":193,"column":6},"end":{"line":193,"column":6}}]},"15":{"line":194,"type":"binary-expr","locations":[{"start":{"line":194,"column":32},"end":{"line":194,"column":49}},{"start":{"line":194,"column":51},"end":{"line":194,"column":55}}]},"16":{"line":200,"type":"if","locations":[{"start":{"line":200,"column":6},"end":{"line":200,"column":6}},{"start":{"line":200,"column":6},"end":{"line":200,"column":6}}]},"17":{"line":217,"type":"binary-expr","locations":[{"start":{"line":217,"column":25},"end":{"line":217,"column":32}},{"start":{"line":217,"column":36},"end":{"line":217,"column":66}}]},"18":{"line":228,"type":"if","locations":[{"start":{"line":228,"column":6},"end":{"line":228,"column":6}},{"start":{"line":228,"column":6},"end":{"line":228,"column":6}}]},"19":{"line":230,"type":"if","locations":[{"start":{"line":230,"column":8},"end":{"line":230,"column":8}},{"start":{"line":230,"column":8},"end":{"line":230,"column":8}}]},"20":{"line":262,"type":"cond-expr","locations":[{"start":{"line":262,"column":33},"end":{"line":262,"column":53}},{"start":{"line":262,"column":56},"end":{"line":262,"column":58}}]},"21":{"line":264,"type":"binary-expr","locations":[{"start":{"line":264,"column":21},"end":{"line":264,"column":37}},{"start":{"line":264,"column":41},"end":{"line":264,"column":147}}]},"22":{"line":267,"type":"if","locations":[{"start":{"line":267,"column":8},"end":{"line":267,"column":8}},{"start":{"line":267,"column":8},"end":{"line":267,"column":8}}]},"23":{"line":278,"type":"if","locations":[{"start":{"line":278,"column":6},"end":{"line":278,"column":6}},{"start":{"line":278,"column":6},"end":{"line":278,"column":6}}]},"24":{"line":329,"type":"if","locations":[{"start":{"line":329,"column":6},"end":{"line":329,"column":6}},{"start":{"line":329,"column":6},"end":{"line":329,"column":6}}]},"25":{"line":339,"type":"binary-expr","locations":[{"start":{"line":339,"column":10},"end":{"line":339,"column":18}},{"start":{"line":339,"column":22},"end":{"line":339,"column":29}},{"start":{"line":339,"column":33},"end":{"line":339,"column":34}}]},"26":{"line":340,"type":"if","locations":[{"start":{"line":340,"column":6},"end":{"line":340,"column":6}},{"start":{"line":340,"column":6},"end":{"line":340,"column":6}}]},"27":{"line":340,"type":"binary-expr","locations":[{"start":{"line":340,"column":10},"end":{"line":340,"column":11}},{"start":{"line":340,"column":15},"end":{"line":340,"column":40}}]},"28":{"line":341,"type":"binary-expr","locations":[{"start":{"line":341,"column":35},"end":{"line":341,"column":36}},{"start":{"line":341,"column":40},"end":{"line":341,"column":52}}]},"29":{"line":341,"type":"binary-expr","locations":[{"start":{"line":341,"column":58},"end":{"line":341,"column":59}},{"start":{"line":341,"column":63},"end":{"line":341,"column":75}}]},"30":{"line":342,"type":"if","locations":[{"start":{"line":342,"column":8},"end":{"line":342,"column":8}},{"start":{"line":342,"column":8},"end":{"line":342,"column":8}}]},"31":{"line":349,"type":"if","locations":[{"start":{"line":349,"column":2},"end":{"line":349,"column":2}},{"start":{"line":349,"column":2},"end":{"line":349,"column":2}}]},"32":{"line":349,"type":"binary-expr","locations":[{"start":{"line":349,"column":6},"end":{"line":349,"column":33}},{"start":{"line":349,"column":37},"end":{"line":349,"column":46}}]}},"code":["/**"," * Copyright (c) 2011-2014 Felix Gnass"," * Licensed under the MIT license"," */","(function(root, factory) {","","  // CommonJS","  if (typeof exports == 'object') {","    module.exports = factory();","  }","  // AMD module","  else if (typeof define == 'function' && define.amd) {","    define(factory);","  }","  // Browser global","  else {","    root.Spinner = factory();","  }","","}","(this, function() {","  \"use strict\";","","  var prefixes = ['webkit', 'Moz', 'ms', 'O'] /* Vendor prefixes */","    , animations = {} /* Animation rules keyed by their name */","    , useCssAnimations /* Whether to use CSS animations or setTimeout */","","  /**","   * Utility function to create elements. If no tag name is given,","   * a DIV is created. Optionally properties can be passed.","   */","  function createEl(tag, prop) {","    var el = document.createElement(tag || 'div')","      , n","","    for(n in prop) el[n] = prop[n]","    return el","  }","","  /**","   * Appends children and returns the parent.","   */","  function ins(parent /* child1, child2, ...*/) {","    for (var i=1, n=arguments.length; i<n; i++)","      parent.appendChild(arguments[i])","","    return parent","  }","","  /**","   * Insert a new stylesheet to hold the @keyframe or VML rules.","   */","  var sheet = (function() {","    var el = createEl('style', {type : 'text/css'})","    ins(document.getElementsByTagName('head')[0], el)","    return el.sheet || el.styleSheet","  }())","","  /**","   * Creates an opacity keyframe animation rule and returns its name.","   * Since most mobile Webkits have timing issues with animation-delay,","   * we create separate rules for each line/segment.","   */","  function addAnimation(alpha, trail, i, lines) {","    var name = ['opacity', trail, ~~(alpha*100), i, lines].join('-')","      , start = 0.01 + i/lines * 100","      , z = Math.max(1 - (1-alpha) / trail * (100-start), alpha)","      , prefix = useCssAnimations.substring(0, useCssAnimations.indexOf('Animation')).toLowerCase()","      , pre = prefix && '-' + prefix + '-' || ''","","    if (!animations[name]) {","      sheet.insertRule(","        '@' + pre + 'keyframes ' + name + '{' +","        '0%{opacity:' + z + '}' +","        start + '%{opacity:' + alpha + '}' +","        (start+0.01) + '%{opacity:1}' +","        (start+trail) % 100 + '%{opacity:' + alpha + '}' +","        '100%{opacity:' + z + '}' +","        '}', sheet.cssRules.length)","","      animations[name] = 1","    }","","    return name","  }","","  /**","   * Tries various vendor prefixes and returns the first supported property.","   */","  function vendor(el, prop) {","    var s = el.style","      , pp","      , i","","    prop = prop.charAt(0).toUpperCase() + prop.slice(1)","    for(i=0; i<prefixes.length; i++) {","      pp = prefixes[i]+prop","      if(s[pp] !== undefined) return pp","    }","    if(s[prop] !== undefined) return prop","  }","","  /**","   * Sets multiple style properties at once.","   */","  function css(el, prop) {","    for (var n in prop)","      el.style[vendor(el, n)||n] = prop[n]","","    return el","  }","","  /**","   * Fills in default values.","   */","  function merge(obj) {","    for (var i=1; i < arguments.length; i++) {","      var def = arguments[i]","      for (var n in def)","        if (obj[n] === undefined) obj[n] = def[n]","    }","    return obj","  }","","  /**","   * Returns the absolute page-offset of the given element.","   */","  function pos(el) {","    var o = { x:el.offsetLeft, y:el.offsetTop }","    while((el = el.offsetParent))","      o.x+=el.offsetLeft, o.y+=el.offsetTop","","    return o","  }","","  /**","   * Returns the line color from the given string or array.","   */","  function getColor(color, idx) {","    return typeof color == 'string' ? color : color[idx % color.length]","  }","","  // Built-in defaults","","  var defaults = {","    lines: 12,            // The number of lines to draw","    length: 7,            // The length of each line","    width: 5,             // The line thickness","    radius: 10,           // The radius of the inner circle","    rotate: 0,            // Rotation offset","    corners: 1,           // Roundness (0..1)","    color: '#000',        // #rgb or #rrggbb","    direction: 1,         // 1: clockwise, -1: counterclockwise","    speed: 1,             // Rounds per second","    trail: 100,           // Afterglow percentage","    opacity: 1/4,         // Opacity of the lines","    fps: 20,              // Frames per second when using setTimeout()","    zIndex: 2e9,          // Use a high z-index by default","    className: 'spinner', // CSS class to assign to the element","    top: '50%',           // center vertically","    left: '50%',          // center horizontally","    position: 'absolute'  // element position","  }","","  /** The constructor */","  function Spinner(o) {","    this.opts = merge(o || {}, Spinner.defaults, defaults)","  }","","  // Global defaults that override the built-ins:","  Spinner.defaults = {}","","  merge(Spinner.prototype, {","","    /**","     * Adds the spinner to the given target element. If this instance is already","     * spinning, it is automatically removed from its previous target b calling","     * stop() internally.","     */","    spin: function(target) {","      this.stop()","","      var self = this","        , o = self.opts","        , el = self.el = css(createEl(0, {className: o.className}), {position: o.position, width: 0, zIndex: o.zIndex})","        , mid = o.radius+o.length+o.width","","      css(el, {","        left: o.left,","        top: o.top","      })","        ","      if (target) {","        target.insertBefore(el, target.firstChild||null)","      }","","      el.setAttribute('role', 'progressbar')","      self.lines(el, self.opts)","","      if (!useCssAnimations) {","        // No CSS animation support, use setTimeout() instead","        var i = 0","          , start = (o.lines - 1) * (1 - o.direction) / 2","          , alpha","          , fps = o.fps","          , f = fps/o.speed","          , ostep = (1-o.opacity) / (f*o.trail / 100)","          , astep = f/o.lines","","        ;(function anim() {","          i++;","          for (var j = 0; j < o.lines; j++) {","            alpha = Math.max(1 - (i + (o.lines - j) * astep) % f * ostep, o.opacity)","","            self.opacity(el, j * o.direction + start, alpha, o)","          }","          self.timeout = self.el && setTimeout(anim, ~~(1000/fps))","        })()","      }","      return self","    },","","    /**","     * Stops and removes the Spinner.","     */","    stop: function() {","      var el = this.el","      if (el) {","        clearTimeout(this.timeout)","        if (el.parentNode) el.parentNode.removeChild(el)","        this.el = undefined","      }","      return this","    },","","    /**","     * Internal method that draws the individual lines. Will be overwritten","     * in VML fallback mode below.","     */","    lines: function(el, o) {","      var i = 0","        , start = (o.lines - 1) * (1 - o.direction) / 2","        , seg","","      function fill(color, shadow) {","        return css(createEl(), {","          position: 'absolute',","          width: (o.length+o.width) + 'px',","          height: o.width + 'px',","          background: color,","          boxShadow: shadow,","          transformOrigin: 'left',","          transform: 'rotate(' + ~~(360/o.lines*i+o.rotate) + 'deg) translate(' + o.radius+'px' +',0)',","          borderRadius: (o.corners * o.width>>1) + 'px'","        })","      }","","      for (; i < o.lines; i++) {","        seg = css(createEl(), {","          position: 'absolute',","          top: 1+~(o.width/2) + 'px',","          transform: o.hwaccel ? 'translate3d(0,0,0)' : '',","          opacity: o.opacity,","          animation: useCssAnimations && addAnimation(o.opacity, o.trail, start + i * o.direction, o.lines) + ' ' + 1/o.speed + 's linear infinite'","        })","","        if (o.shadow) ins(seg, css(fill('#000', '0 0 4px ' + '#000'), {top: 2+'px'}))","        ins(el, ins(seg, fill(getColor(o.color, i), '0 0 1px rgba(0,0,0,.1)')))","      }","      return el","    },","","    /**","     * Internal method that adjusts the opacity of a single line.","     * Will be overwritten in VML fallback mode below.","     */","    opacity: function(el, i, val) {","      if (i < el.childNodes.length) el.childNodes[i].style.opacity = val","    }","","  })","","","  function initVML() {","","    /* Utility function to create a VML tag */","    function vml(tag, attr) {","      return createEl('<' + tag + ' xmlns=\"urn:schemas-microsoft.com:vml\" class=\"spin-vml\">', attr)","    }","","    // No CSS transforms but VML support, add a CSS rule for VML elements:","    sheet.addRule('.spin-vml', 'behavior:url(#default#VML)')","","    Spinner.prototype.lines = function(el, o) {","      var r = o.length+o.width","        , s = 2*r","","      function grp() {","        return css(","          vml('group', {","            coordsize: s + ' ' + s,","            coordorigin: -r + ' ' + -r","          }),","          { width: s, height: s }","        )","      }","","      var margin = -(o.width+o.length)*2 + 'px'","        , g = css(grp(), {position: 'absolute', top: margin, left: margin})","        , i","","      function seg(i, dx, filter) {","        ins(g,","          ins(css(grp(), {rotation: 360 / o.lines * i + 'deg', left: ~~dx}),","            ins(css(vml('roundrect', {arcsize: o.corners}), {","                width: r,","                height: o.width,","                left: o.radius,","                top: -o.width>>1,","                filter: filter","              }),","              vml('fill', {color: getColor(o.color, i), opacity: o.opacity}),","              vml('stroke', {opacity: 0}) // transparent stroke to fix color bleeding upon opacity change","            )","          )","        )","      }","","      if (o.shadow)","        for (i = 1; i <= o.lines; i++)","          seg(i, -2, 'progid:DXImageTransform.Microsoft.Blur(pixelradius=2,makeshadow=1,shadowopacity=.3)')","","      for (i = 1; i <= o.lines; i++) seg(i)","      return ins(el, g)","    }","","    Spinner.prototype.opacity = function(el, i, val, o) {","      var c = el.firstChild","      o = o.shadow && o.lines || 0","      if (c && i+o < c.childNodes.length) {","        c = c.childNodes[i+o]; c = c && c.firstChild; c = c && c.firstChild","        if (c) c.opacity = val","      }","    }","  }","","  var probe = css(createEl('group'), {behavior: 'url(#default#VML)'})","","  if (!vendor(probe, 'transform') && probe.adj) initVML()","  else useCssAnimations = vendor(probe, 'animation')","","  return Spinner","","}));",""],"l":{"5":2,"8":2,"9":2,"12":0,"13":0,"17":0,"24":2,"32":1,"33":2,"36":0,"37":0,"43":1,"44":0,"45":0,"47":0,"53":2,"54":2,"55":0,"56":0,"64":1,"65":0,"71":0,"72":0,"81":0,"84":0,"90":1,"91":0,"95":0,"96":0,"97":0,"98":0,"100":0,"106":1,"107":0,"108":0,"110":0,"116":1,"117":0,"118":0,"119":0,"120":0,"122":0,"128":1,"129":0,"130":0,"131":0,"133":0,"139":1,"140":0,"145":0,"166":1,"167":0,"171":0,"173":0,"181":0,"183":0,"188":0,"193":0,"194":0,"197":0,"198":0,"200":0,"202":0,"210":0,"211":0,"212":0,"213":0,"215":0,"217":0,"220":0,"227":0,"228":0,"229":0,"230":0,"231":0,"233":0,"241":0,"245":1,"246":0,"258":0,"259":0,"267":0,"268":0,"270":0,"278":0,"284":1,"287":1,"288":0,"292":0,"294":0,"295":0,"298":1,"299":0,"308":0,"312":1,"313":0,"329":0,"330":0,"331":0,"333":0,"334":0,"337":0,"338":0,"339":0,"340":0,"341":0,"342":0,"347":0,"349":0,"350":0,"352":0}}}